<?xml version="1.0" ?>
<coverage version="7.6.1" timestamp="1728048601810" lines-valid="3131" lines-covered="2597" line-rate="0.8294" branches-valid="1082" branches-covered="854" branch-rate="0.7893" complexity="0">
	<!-- Generated by coverage.py: https://coverage.readthedocs.io/en/7.6.1 -->
	<!-- Based on https://raw.githubusercontent.com/cobertura/web/master/htdocs/xml/coverage-04.dtd -->
	<sources>
		<source>/code/modules/weko-deposit/weko_deposit</source>
	</sources>
	<packages>
		<package name="." line-rate="0.8294" branch-rate="0.7893" complexity="0">
			<classes>
				<class name="__init__.py" filename="__init__.py" complexity="0" line-rate="1" branch-rate="1">
					<methods/>
					<lines>
						<line number="23" hits="1"/>
						<line number="24" hits="1"/>
						<line number="26" hits="1"/>
					</lines>
				</class>
				<class name="api.py" filename="api.py" complexity="0" line-rate="0.8307" branch-rate="0.8096">
					<methods/>
					<lines>
						<line number="22" hits="1"/>
						<line number="23" hits="1"/>
						<line number="25" hits="1"/>
						<line number="26" hits="1"/>
						<line number="28" hits="1"/>
						<line number="29" hits="1"/>
						<line number="30" hits="1"/>
						<line number="31" hits="1"/>
						<line number="32" hits="1"/>
						<line number="33" hits="1"/>
						<line number="34" hits="1"/>
						<line number="36" hits="1"/>
						<line number="37" hits="1"/>
						<line number="38" hits="1"/>
						<line number="39" hits="1"/>
						<line number="41" hits="1"/>
						<line number="42" hits="1"/>
						<line number="43" hits="1"/>
						<line number="45" hits="1"/>
						<line number="46" hits="1"/>
						<line number="47" hits="1"/>
						<line number="48" hits="1"/>
						<line number="49" hits="1"/>
						<line number="50" hits="1"/>
						<line number="51" hits="1"/>
						<line number="52" hits="1"/>
						<line number="53" hits="1"/>
						<line number="54" hits="1"/>
						<line number="55" hits="1"/>
						<line number="56" hits="1"/>
						<line number="57" hits="1"/>
						<line number="58" hits="1"/>
						<line number="60" hits="1"/>
						<line number="61" hits="1"/>
						<line number="62" hits="1"/>
						<line number="65" hits="1"/>
						<line number="66" hits="1"/>
						<line number="71" hits="1"/>
						<line number="72" hits="1"/>
						<line number="73" hits="1"/>
						<line number="74" hits="1"/>
						<line number="76" hits="1"/>
						<line number="77" hits="1"/>
						<line number="78" hits="1"/>
						<line number="79" hits="1"/>
						<line number="84" hits="1"/>
						<line number="101" hits="1"/>
						<line number="116" hits="1"/>
						<line number="127" hits="1"/>
						<line number="128" hits="1"/>
						<line number="129" hits="1"/>
						<line number="130" hits="1"/>
						<line number="131" hits="1"/>
						<line number="133" hits="1"/>
						<line number="144" hits="1"/>
						<line number="145" hits="1"/>
						<line number="146" hits="1" branch="true" condition-coverage="50% (1/2)" missing-branches="147"/>
						<line number="147" hits="0"/>
						<line number="149" hits="0"/>
						<line number="150" hits="0"/>
						<line number="151" hits="0"/>
						<line number="153" hits="1"/>
						<line number="155" hits="1"/>
						<line number="165" hits="1"/>
						<line number="166" hits="1"/>
						<line number="168" hits="1"/>
						<line number="169" hits="1" branch="true" condition-coverage="100% (2/2)"/>
						<line number="171" hits="1"/>
						<line number="174" hits="1" branch="true" condition-coverage="100% (2/2)"/>
						<line number="175" hits="1"/>
						<line number="177" hits="1"/>
						<line number="178" hits="1"/>
						<line number="179" hits="1"/>
						<line number="181" hits="1" branch="true" condition-coverage="100% (2/2)"/>
						<line number="183" hits="1"/>
						<line number="185" hits="1"/>
						<line number="188" hits="1" branch="true" condition-coverage="100% (2/2)"/>
						<line number="189" hits="1"/>
						<line number="191" hits="1"/>
						<line number="192" hits="1"/>
						<line number="194" hits="1"/>
						<line number="195" hits="1"/>
						<line number="198" hits="1"/>
						<line number="214" hits="1"/>
						<line number="224" hits="1"/>
						<line number="226" hits="1"/>
						<line number="243" hits="1"/>
						<line number="247" hits="1"/>
						<line number="253" hits="1" branch="true" condition-coverage="100% (2/2)"/>
						<line number="254" hits="1"/>
						<line number="255" hits="1"/>
						<line number="256" hits="1"/>
						<line number="258" hits="1"/>
						<line number="260" hits="1"/>
						<line number="275" hits="1"/>
						<line number="276" hits="1" branch="true" condition-coverage="100% (2/2)"/>
						<line number="277" hits="1"/>
						<line number="279" hits="1"/>
						<line number="280" hits="1"/>
						<line number="283" hits="0" branch="true" condition-coverage="0% (0/2)" missing-branches="284,288"/>
						<line number="284" hits="0"/>
						<line number="288" hits="0"/>
						<line number="289" hits="0"/>
						<line number="291" hits="1"/>
						<line number="293" hits="1"/>
						<line number="315" hits="0"/>
						<line number="316" hits="0"/>
						<line number="317" hits="0"/>
						<line number="318" hits="0"/>
						<line number="320" hits="0"/>
						<line number="325" hits="0"/>
						<line number="326" hits="0"/>
						<line number="329" hits="1"/>
						<line number="352" hits="1"/>
						<line number="353" hits="1"/>
						<line number="354" hits="1"/>
						<line number="355" hits="1"/>
						<line number="356" hits="1" branch="true" condition-coverage="50% (1/2)" missing-branches="369"/>
						<line number="357" hits="1"/>
						<line number="359" hits="1"/>
						<line number="369" hits="0"/>
						<line number="371" hits="0"/>
						<line number="387" hits="1" branch="true" condition-coverage="50% (1/2)" missing-branches="388"/>
						<line number="388" hits="0"/>
						<line number="390" hits="0"/>
						<line number="397" hits="0"/>
						<line number="398" hits="0"/>
						<line number="400" hits="1"/>
						<line number="402" hits="1"/>
						<line number="408" hits="1"/>
						<line number="409" hits="1"/>
						<line number="411" hits="1"/>
						<line number="419" hits="1"/>
						<line number="421" hits="1"/>
						<line number="430" hits="1"/>
						<line number="432" hits="1"/>
						<line number="434" hits="1"/>
						<line number="442" hits="1"/>
						<line number="443" hits="1"/>
						<line number="444" hits="1"/>
						<line number="447" hits="1" branch="true" condition-coverage="50% (1/2)" missing-branches="448"/>
						<line number="448" hits="0"/>
						<line number="452" hits="1"/>
						<line number="453" hits="1"/>
						<line number="456" hits="1"/>
						<line number="464" hits="1"/>
						<line number="471" hits="1"/>
						<line number="472" hits="1"/>
						<line number="474" hits="1"/>
						<line number="475" hits="1"/>
						<line number="476" hits="1"/>
						<line number="478" hits="1"/>
						<line number="487" hits="1"/>
						<line number="496" hits="1"/>
						<line number="508" hits="1"/>
						<line number="510" hits="1"/>
						<line number="511" hits="1" branch="true" condition-coverage="50% (1/2)" missing-branches="512"/>
						<line number="512" hits="0"/>
						<line number="514" hits="0"/>
						<line number="516" hits="0"/>
						<line number="518" hits="1"/>
						<line number="520" hits="1"/>
						<line number="521" hits="1"/>
						<line number="523" hits="1"/>
						<line number="525" hits="1"/>
						<line number="527" hits="1" branch="true" condition-coverage="50% (1/2)" missing-branches="exit"/>
						<line number="528" hits="1"/>
						<line number="530" hits="1"/>
						<line number="531" hits="1"/>
						<line number="533" hits="1" branch="true" condition-coverage="50% (1/2)" missing-branches="534"/>
						<line number="534" hits="0"/>
						<line number="536" hits="0"/>
						<line number="537" hits="0"/>
						<line number="539" hits="0"/>
						<line number="540" hits="0" branch="true" condition-coverage="0% (0/2)" missing-branches="541,546"/>
						<line number="541" hits="0"/>
						<line number="543" hits="0"/>
						<line number="544" hits="0"/>
						<line number="545" hits="0"/>
						<line number="546" hits="0"/>
						<line number="548" hits="1"/>
						<line number="550" hits="1"/>
						<line number="561" hits="1"/>
						<line number="562" hits="1"/>
						<line number="564" hits="1"/>
						<line number="565" hits="1"/>
						<line number="567" hits="1"/>
						<line number="583" hits="1"/>
						<line number="584" hits="1"/>
						<line number="585" hits="1"/>
						<line number="587" hits="1"/>
						<line number="592" hits="1"/>
						<line number="593" hits="1"/>
						<line number="595" hits="1"/>
						<line number="607" hits="1"/>
						<line number="608" hits="1"/>
						<line number="609" hits="1"/>
						<line number="611" hits="1"/>
						<line number="616" hits="1"/>
						<line number="617" hits="1"/>
						<line number="619" hits="1"/>
						<line number="631" hits="1"/>
						<line number="632" hits="1"/>
						<line number="633" hits="1"/>
						<line number="638" hits="1"/>
						<line number="639" hits="1"/>
						<line number="641" hits="1"/>
						<line number="649" hits="0"/>
						<line number="650" hits="0" branch="true" condition-coverage="0% (0/2)" missing-branches="651,661"/>
						<line number="651" hits="0"/>
						<line number="654" hits="0"/>
						<line number="659" hits="0"/>
						<line number="660" hits="0"/>
						<line number="661" hits="0"/>
						<line number="663" hits="1"/>
						<line number="671" hits="0"/>
						<line number="672" hits="0"/>
						<line number="673" hits="0" branch="true" condition-coverage="0% (0/2)" missing-branches="exit,674"/>
						<line number="674" hits="0"/>
						<line number="676" hits="0"/>
						<line number="677" hits="0" branch="true" condition-coverage="0% (0/2)" missing-branches="exit,678"/>
						<line number="678" hits="0"/>
						<line number="680" hits="0"/>
						<line number="681" hits="0" branch="true" condition-coverage="0% (0/2)" missing-branches="682,685"/>
						<line number="682" hits="0"/>
						<line number="684" hits="0"/>
						<line number="685" hits="0"/>
						<line number="688" hits="1"/>
						<line number="691" hits="1"/>
						<line number="693" hits="1"/>
						<line number="695" hits="1"/>
						<line number="697" hits="1"/>
						<line number="698" hits="1"/>
						<line number="699" hits="1"/>
						<line number="701" hits="1"/>
						<line number="702" hits="1" branch="true" condition-coverage="100% (2/2)"/>
						<line number="730" hits="1"/>
						<line number="731" hits="1"/>
						<line number="732" hits="1"/>
						<line number="734" hits="1"/>
						<line number="745" hits="1"/>
						<line number="746" hits="1"/>
						<line number="747" hits="1"/>
						<line number="749" hits="1"/>
						<line number="750" hits="1" branch="true" condition-coverage="100% (2/2)"/>
						<line number="765" hits="1"/>
						<line number="766" hits="1"/>
						<line number="768" hits="0"/>
						<line number="769" hits="0"/>
						<line number="770" hits="0" branch="true" condition-coverage="0% (0/2)" missing-branches="771,785"/>
						<line number="771" hits="0"/>
						<line number="773" hits="0" branch="true" condition-coverage="0% (0/2)" missing-branches="774,777"/>
						<line number="774" hits="0"/>
						<line number="776" hits="0"/>
						<line number="777" hits="0" branch="true" condition-coverage="0% (0/2)" missing-branches="778,781"/>
						<line number="778" hits="0"/>
						<line number="780" hits="0"/>
						<line number="781" hits="0" branch="true" condition-coverage="0% (0/2)" missing-branches="770,782"/>
						<line number="782" hits="0"/>
						<line number="784" hits="0"/>
						<line number="785" hits="0"/>
						<line number="786" hits="0"/>
						<line number="787" hits="0"/>
						<line number="788" hits="0"/>
						<line number="789" hits="0"/>
						<line number="790" hits="0" branch="true" condition-coverage="0% (0/2)" missing-branches="791,793"/>
						<line number="791" hits="0"/>
						<line number="792" hits="0"/>
						<line number="793" hits="0"/>
						<line number="794" hits="0"/>
						<line number="795" hits="0"/>
						<line number="796" hits="0"/>
						<line number="797" hits="0"/>
						<line number="798" hits="0"/>
						<line number="800" hits="1"/>
						<line number="801" hits="1" branch="true" condition-coverage="100% (2/2)"/>
						<line number="819" hits="1"/>
						<line number="821" hits="1" branch="true" condition-coverage="100% (2/2)"/>
						<line number="822" hits="1"/>
						<line number="823" hits="1"/>
						<line number="825" hits="1"/>
						<line number="834" hits="1"/>
						<line number="835" hits="1" branch="true" condition-coverage="100% (2/2)"/>
						<line number="836" hits="1"/>
						<line number="838" hits="1"/>
						<line number="839" hits="1" branch="true" condition-coverage="50% (1/2)" missing-branches="840"/>
						<line number="840" hits="0"/>
						<line number="842" hits="0"/>
						<line number="843" hits="1" branch="true" condition-coverage="50% (1/2)" missing-branches="848"/>
						<line number="844" hits="1"/>
						<line number="846" hits="1"/>
						<line number="848" hits="0"/>
						<line number="850" hits="0"/>
						<line number="851" hits="1"/>
						<line number="853" hits="1"/>
						<line number="862" hits="1"/>
						<line number="863" hits="1" branch="true" condition-coverage="50% (1/2)" missing-branches="868"/>
						<line number="864" hits="1"/>
						<line number="866" hits="1"/>
						<line number="868" hits="0"/>
						<line number="870" hits="0"/>
						<line number="871" hits="1" branch="true" condition-coverage="50% (1/2)" missing-branches="875"/>
						<line number="872" hits="1"/>
						<line number="874" hits="1"/>
						<line number="875" hits="1"/>
						<line number="876" hits="1"/>
						<line number="878" hits="1"/>
						<line number="887" hits="1"/>
						<line number="888" hits="1" branch="true" condition-coverage="100% (2/2)"/>
						<line number="889" hits="1"/>
						<line number="891" hits="1"/>
						<line number="892" hits="1" branch="true" condition-coverage="100% (2/2)"/>
						<line number="893" hits="1"/>
						<line number="895" hits="1"/>
						<line number="897" hits="1" branch="true" condition-coverage="100% (2/2)"/>
						<line number="899" hits="1"/>
						<line number="902" hits="1"/>
						<line number="903" hits="1" branch="true" condition-coverage="100% (2/2)"/>
						<line number="904" hits="1"/>
						<line number="906" hits="1"/>
						<line number="907" hits="1"/>
						<line number="909" hits="1"/>
						<line number="915" hits="1"/>
						<line number="916" hits="1" branch="true" condition-coverage="100% (2/2)"/>
						<line number="917" hits="1"/>
						<line number="919" hits="1"/>
						<line number="920" hits="1"/>
						<line number="922" hits="1"/>
						<line number="923" hits="1"/>
						<line number="925" hits="1"/>
						<line number="938" hits="1"/>
						<line number="939" hits="1"/>
						<line number="942" hits="1"/>
						<line number="948" hits="1"/>
						<line number="949" hits="1"/>
						<line number="951" hits="1" branch="true" condition-coverage="100% (2/2)"/>
						<line number="952" hits="1"/>
						<line number="954" hits="1"/>
						<line number="955" hits="1"/>
						<line number="957" hits="1"/>
						<line number="972" hits="1"/>
						<line number="973" hits="1"/>
						<line number="979" hits="1"/>
						<line number="980" hits="1"/>
						<line number="982" hits="1"/>
						<line number="983" hits="1" branch="true" condition-coverage="100% (2/2)"/>
						<line number="984" hits="1"/>
						<line number="986" hits="1" branch="true" condition-coverage="100% (2/2)"/>
						<line number="988" hits="1"/>
						<line number="991" hits="1"/>
						<line number="992" hits="1"/>
						<line number="993" hits="1" branch="true" condition-coverage="100% (2/2)"/>
						<line number="996" hits="1"/>
						<line number="999" hits="1"/>
						<line number="1000" hits="1" branch="true" condition-coverage="100% (2/2)"/>
						<line number="1002" hits="1"/>
						<line number="1005" hits="1"/>
						<line number="1006" hits="1"/>
						<line number="1008" hits="1" branch="true" condition-coverage="100% (2/2)"/>
						<line number="1009" hits="1"/>
						<line number="1011" hits="1"/>
						<line number="1012" hits="1"/>
						<line number="1014" hits="1"/>
						<line number="1015" hits="1" branch="true" condition-coverage="100% (2/2)"/>
						<line number="1016" hits="1"/>
						<line number="1018" hits="1"/>
						<line number="1020" hits="1"/>
						<line number="1022" hits="1"/>
						<line number="1023" hits="1"/>
						<line number="1025" hits="1"/>
						<line number="1038" hits="1"/>
						<line number="1039" hits="1"/>
						<line number="1040" hits="0"/>
						<line number="1041" hits="0"/>
						<line number="1043" hits="1"/>
						<line number="1057" hits="1" branch="true" condition-coverage="100% (2/2)"/>
						<line number="1058" hits="1"/>
						<line number="1060" hits="1"/>
						<line number="1061" hits="1" branch="true" condition-coverage="50% (1/2)" missing-branches="1062"/>
						<line number="1062" hits="0"/>
						<line number="1064" hits="0"/>
						<line number="1065" hits="1" branch="true" condition-coverage="50% (1/2)" missing-branches="1066"/>
						<line number="1066" hits="0"/>
						<line number="1068" hits="0"/>
						<line number="1072" hits="1"/>
						<line number="1074" hits="1"/>
						<line number="1076" hits="0"/>
						<line number="1080" hits="0"/>
						<line number="1081" hits="0" branch="true" condition-coverage="0% (0/2)" missing-branches="1082,1090"/>
						<line number="1082" hits="0"/>
						<line number="1085" hits="0"/>
						<line number="1086" hits="0"/>
						<line number="1087" hits="0"/>
						<line number="1088" hits="0"/>
						<line number="1090" hits="0"/>
						<line number="1091" hits="0"/>
						<line number="1093" hits="1"/>
						<line number="1094" hits="1" branch="true" condition-coverage="100% (2/2)"/>
						<line number="1110" hits="1" branch="true" condition-coverage="100% (2/2)"/>
						<line number="1111" hits="1"/>
						<line number="1114" hits="1"/>
						<line number="1115" hits="1" branch="true" condition-coverage="100% (2/2)"/>
						<line number="1116" hits="1"/>
						<line number="1118" hits="1"/>
						<line number="1121" hits="1"/>
						<line number="1122" hits="1"/>
						<line number="1125" hits="1" branch="true" condition-coverage="100% (2/2)"/>
						<line number="1126" hits="1"/>
						<line number="1128" hits="1"/>
						<line number="1130" hits="1"/>
						<line number="1135" hits="1"/>
						<line number="1138" hits="1" branch="true" condition-coverage="100% (2/2)"/>
						<line number="1139" hits="1"/>
						<line number="1141" hits="1"/>
						<line number="1142" hits="1" branch="true" condition-coverage="100% (2/2)"/>
						<line number="1143" hits="1"/>
						<line number="1145" hits="1"/>
						<line number="1151" hits="1" branch="true" condition-coverage="100% (2/2)"/>
						<line number="1152" hits="1"/>
						<line number="1154" hits="1"/>
						<line number="1160" hits="1"/>
						<line number="1162" hits="1"/>
						<line number="1164" hits="1"/>
						<line number="1166" hits="1" branch="true" condition-coverage="50% (1/2)" missing-branches="1170"/>
						<line number="1167" hits="1"/>
						<line number="1169" hits="1"/>
						<line number="1170" hits="1"/>
						<line number="1178" hits="1"/>
						<line number="1180" hits="1"/>
						<line number="1181" hits="1"/>
						<line number="1183" hits="1"/>
						<line number="1184" hits="1"/>
						<line number="1186" hits="1" branch="true" condition-coverage="100% (2/2)"/>
						<line number="1187" hits="1"/>
						<line number="1189" hits="1"/>
						<line number="1192" hits="1"/>
						<line number="1193" hits="1"/>
						<line number="1194" hits="1"/>
						<line number="1196" hits="1"/>
						<line number="1197" hits="1"/>
						<line number="1199" hits="1"/>
						<line number="1200" hits="1" branch="true" condition-coverage="100% (2/2)"/>
						<line number="1247" hits="1"/>
						<line number="1248" hits="1" branch="true" condition-coverage="100% (2/2)"/>
						<line number="1249" hits="1"/>
						<line number="1251" hits="1"/>
						<line number="1252" hits="0"/>
						<line number="1253" hits="1" branch="true" condition-coverage="100% (2/2)"/>
						<line number="1254" hits="1"/>
						<line number="1256" hits="1"/>
						<line number="1257" hits="0"/>
						<line number="1259" hits="1"/>
						<line number="1261" hits="1"/>
						<line number="1263" hits="1"/>
						<line number="1264" hits="1" branch="true" condition-coverage="100% (2/2)"/>
						<line number="1278" hits="0" branch="true" condition-coverage="0% (0/2)" missing-branches="1279,1283"/>
						<line number="1279" hits="0"/>
						<line number="1281" hits="0"/>
						<line number="1282" hits="0"/>
						<line number="1283" hits="0"/>
						<line number="1285" hits="1"/>
						<line number="1286" hits="1" branch="true" condition-coverage="100% (2/2)"/>
						<line number="1301" hits="0"/>
						<line number="1304" hits="0" branch="true" condition-coverage="0% (0/2)" missing-branches="1305,1310"/>
						<line number="1305" hits="0"/>
						<line number="1307" hits="0"/>
						<line number="1310" hits="0"/>
						<line number="1313" hits="0"/>
						<line number="1314" hits="0" branch="true" condition-coverage="0% (0/2)" missing-branches="1316,1324"/>
						<line number="1316" hits="0"/>
						<line number="1317" hits="0"/>
						<line number="1319" hits="0"/>
						<line number="1323" hits="0"/>
						<line number="1324" hits="0"/>
						<line number="1325" hits="0"/>
						<line number="1327" hits="0"/>
						<line number="1328" hits="0"/>
						<line number="1329" hits="0"/>
						<line number="1331" hits="1"/>
						<line number="1349" hits="1"/>
						<line number="1350" hits="1"/>
						<line number="1351" hits="1" branch="true" condition-coverage="50% (1/2)" missing-branches="1352"/>
						<line number="1352" hits="0"/>
						<line number="1355" hits="0"/>
						<line number="1356" hits="0" branch="true" condition-coverage="0% (0/2)" missing-branches="1357,1395"/>
						<line number="1357" hits="0"/>
						<line number="1361" hits="0"/>
						<line number="1363" hits="0" branch="true" condition-coverage="0% (0/2)" missing-branches="1364,1380"/>
						<line number="1364" hits="0"/>
						<line number="1367" hits="0"/>
						<line number="1370" hits="0"/>
						<line number="1371" hits="0"/>
						<line number="1375" hits="0" branch="true" condition-coverage="0% (0/2)" missing-branches="1377,1380"/>
						<line number="1377" hits="0"/>
						<line number="1379" hits="0"/>
						<line number="1380" hits="0" branch="true" condition-coverage="0% (0/2)" missing-branches="1381,1385"/>
						<line number="1381" hits="0"/>
						<line number="1383" hits="0"/>
						<line number="1385" hits="0" branch="true" condition-coverage="0% (0/2)" missing-branches="1386,1395"/>
						<line number="1386" hits="0"/>
						<line number="1390" hits="0"/>
						<line number="1392" hits="0"/>
						<line number="1395" hits="0"/>
						<line number="1397" hits="0" branch="true" condition-coverage="0% (0/2)" missing-branches="1398,1492"/>
						<line number="1398" hits="0"/>
						<line number="1400" hits="0" branch="true" condition-coverage="0% (0/2)" missing-branches="1401,1405"/>
						<line number="1401" hits="0"/>
						<line number="1404" hits="0"/>
						<line number="1405" hits="0" branch="true" condition-coverage="0% (0/2)" missing-branches="1409,1420"/>
						<line number="1409" hits="0"/>
						<line number="1413" hits="0"/>
						<line number="1415" hits="0" branch="true" condition-coverage="0% (0/2)" missing-branches="1416,1420"/>
						<line number="1416" hits="0"/>
						<line number="1418" hits="0"/>
						<line number="1420" hits="0"/>
						<line number="1423" hits="0"/>
						<line number="1425" hits="0"/>
						<line number="1427" hits="0"/>
						<line number="1432" hits="0"/>
						<line number="1435" hits="0" branch="true" condition-coverage="0% (0/2)" missing-branches="1436,1440"/>
						<line number="1436" hits="0"/>
						<line number="1438" hits="0"/>
						<line number="1440" hits="0"/>
						<line number="1442" hits="0"/>
						<line number="1443" hits="0" branch="true" condition-coverage="0% (0/2)" missing-branches="1444,1473"/>
						<line number="1444" hits="0"/>
						<line number="1447" hits="0"/>
						<line number="1449" hits="0"/>
						<line number="1452" hits="0" branch="true" condition-coverage="0% (0/2)" missing-branches="1454,1469"/>
						<line number="1454" hits="0"/>
						<line number="1458" hits="0"/>
						<line number="1459" hits="0"/>
						<line number="1465" hits="0"/>
						<line number="1466" hits="0"/>
						<line number="1469" hits="0"/>
						<line number="1473" hits="0"/>
						<line number="1474" hits="0"/>
						<line number="1475" hits="0"/>
						<line number="1478" hits="0" branch="true" condition-coverage="0% (0/2)" missing-branches="1479,1492"/>
						<line number="1479" hits="0"/>
						<line number="1481" hits="0"/>
						<line number="1482" hits="0" branch="true" condition-coverage="0% (0/2)" missing-branches="1483,1489"/>
						<line number="1483" hits="0"/>
						<line number="1485" hits="0" branch="true" condition-coverage="0% (0/2)" missing-branches="1482,1486"/>
						<line number="1486" hits="0"/>
						<line number="1488" hits="0"/>
						<line number="1489" hits="0"/>
						<line number="1492" hits="1" branch="true" condition-coverage="100% (2/2)"/>
						<line number="1493" hits="1"/>
						<line number="1495" hits="1"/>
						<line number="1496" hits="1" branch="true" condition-coverage="50% (1/2)" missing-branches="1501"/>
						<line number="1497" hits="1"/>
						<line number="1499" hits="1"/>
						<line number="1501" hits="1"/>
						<line number="1502" hits="1"/>
						<line number="1504" hits="1"/>
						<line number="1589" hits="1"/>
						<line number="1591" hits="1" branch="true" condition-coverage="100% (2/2)"/>
						<line number="1592" hits="1"/>
						<line number="1596" hits="1"/>
						<line number="1597" hits="1"/>
						<line number="1598" hits="1"/>
						<line number="1599" hits="1" branch="true" condition-coverage="50% (1/2)" missing-branches="1600"/>
						<line number="1600" hits="0"/>
						<line number="1602" hits="0"/>
						<line number="1604" hits="0"/>
						<line number="1606" hits="1" branch="true" condition-coverage="0% (0/2)" missing-branches="1607,1613"/>
						<line number="1607" hits="0"/>
						<line number="1610" hits="0"/>
						<line number="1611" hits="0"/>
						<line number="1613" hits="0"/>
						<line number="1614" hits="0"/>
						<line number="1615" hits="0"/>
						<line number="1617" hits="0"/>
						<line number="1618" hits="0" branch="true" condition-coverage="0% (0/2)" missing-branches="1619,1622"/>
						<line number="1619" hits="0"/>
						<line number="1621" hits="0"/>
						<line number="1622" hits="0"/>
						<line number="1624" hits="0"/>
						<line number="1631" hits="0"/>
						<line number="1635" hits="0"/>
						<line number="1637" hits="0"/>
						<line number="1639" hits="0"/>
						<line number="1642" hits="0"/>
						<line number="1645" hits="0"/>
						<line number="1646" hits="0" branch="true" condition-coverage="0% (0/2)" missing-branches="1647,1660"/>
						<line number="1647" hits="0"/>
						<line number="1649" hits="0" branch="true" condition-coverage="0% (0/2)" missing-branches="1651,1658"/>
						<line number="1651" hits="0"/>
						<line number="1652" hits="0"/>
						<line number="1657" hits="0"/>
						<line number="1658" hits="0"/>
						<line number="1660" hits="0"/>
						<line number="1664" hits="0"/>
						<line number="1665" hits="0"/>
						<line number="1666" hits="0"/>
						<line number="1669" hits="0"/>
						<line number="1671" hits="0" branch="true" condition-coverage="0% (0/2)" missing-branches="1672,1675"/>
						<line number="1672" hits="0"/>
						<line number="1674" hits="0"/>
						<line number="1675" hits="0" branch="true" condition-coverage="0% (0/2)" missing-branches="1676,1681"/>
						<line number="1676" hits="0"/>
						<line number="1678" hits="0"/>
						<line number="1679" hits="0"/>
						<line number="1681" hits="0"/>
						<line number="1683" hits="0"/>
						<line number="1685" hits="0"/>
						<line number="1686" hits="0"/>
						<line number="1687" hits="0"/>
						<line number="1688" hits="0"/>
						<line number="1689" hits="0"/>
						<line number="1690" hits="0"/>
						<line number="1692" hits="1"/>
						<line number="1703" hits="1"/>
						<line number="1705" hits="1"/>
						<line number="1706" hits="1"/>
						<line number="1707" hits="1" branch="true" condition-coverage="100% (2/2)"/>
						<line number="1708" hits="1"/>
						<line number="1710" hits="1"/>
						<line number="1711" hits="1" branch="true" condition-coverage="100% (2/2)"/>
						<line number="1712" hits="1"/>
						<line number="1715" hits="1" branch="true" condition-coverage="100% (2/2)"/>
						<line number="1716" hits="1"/>
						<line number="1718" hits="1"/>
						<line number="1720" hits="1" branch="true" condition-coverage="50% (1/2)" missing-branches="1711"/>
						<line number="1721" hits="1"/>
						<line number="1724" hits="1"/>
						<line number="1726" hits="1" branch="true" condition-coverage="100% (2/2)"/>
						<line number="1727" hits="1"/>
						<line number="1731" hits="1"/>
						<line number="1732" hits="1"/>
						<line number="1737" hits="1"/>
						<line number="1738" hits="1"/>
						<line number="1743" hits="1"/>
						<line number="1746" hits="1"/>
						<line number="1749" hits="1"/>
						<line number="1750" hits="1"/>
						<line number="1752" hits="1"/>
						<line number="1753" hits="1"/>
						<line number="1754" hits="1" branch="true" condition-coverage="100% (2/2)"/>
						<line number="1755" hits="1"/>
						<line number="1759" hits="1"/>
						<line number="1760" hits="1"/>
						<line number="1763" hits="1"/>
						<line number="1766" hits="1" branch="true" condition-coverage="100% (2/2)"/>
						<line number="1767" hits="1"/>
						<line number="1770" hits="1"/>
						<line number="1772" hits="1"/>
						<line number="1773" hits="1"/>
						<line number="1776" hits="1"/>
						<line number="1778" hits="1"/>
						<line number="1779" hits="1"/>
						<line number="1780" hits="1" branch="true" condition-coverage="100% (2/2)"/>
						<line number="1782" hits="1"/>
						<line number="1783" hits="1"/>
						<line number="1784" hits="1"/>
						<line number="1787" hits="1"/>
						<line number="1789" hits="1"/>
						<line number="1790" hits="1"/>
						<line number="1792" hits="1"/>
						<line number="1813" hits="1"/>
						<line number="1814" hits="1"/>
						<line number="1815" hits="1"/>
						<line number="1816" hits="1" branch="true" condition-coverage="100% (2/2)"/>
						<line number="1817" hits="1"/>
						<line number="1820" hits="1" branch="true" condition-coverage="100% (2/2)"/>
						<line number="1821" hits="1"/>
						<line number="1823" hits="1"/>
						<line number="1825" hits="1" branch="true" condition-coverage="100% (2/2)"/>
						<line number="1826" hits="1"/>
						<line number="1828" hits="1" branch="true" condition-coverage="100% (2/2)"/>
						<line number="1831" hits="1"/>
						<line number="1833" hits="1"/>
						<line number="1834" hits="1"/>
						<line number="1835" hits="1"/>
						<line number="1837" hits="1"/>
						<line number="1838" hits="1"/>
						<line number="1840" hits="1"/>
						<line number="1848" hits="0"/>
						<line number="1849" hits="0"/>
						<line number="1850" hits="0" branch="true" condition-coverage="0% (0/2)" missing-branches="1851,1859"/>
						<line number="1851" hits="0"/>
						<line number="1853" hits="0"/>
						<line number="1854" hits="0" branch="true" condition-coverage="0% (0/2)" missing-branches="1855,1859"/>
						<line number="1855" hits="0"/>
						<line number="1857" hits="0"/>
						<line number="1859" hits="0" branch="true" condition-coverage="0% (0/2)" missing-branches="1860,1880"/>
						<line number="1860" hits="0"/>
						<line number="1862" hits="0"/>
						<line number="1863" hits="0"/>
						<line number="1865" hits="0" branch="true" condition-coverage="0% (0/2)" missing-branches="1866,1877"/>
						<line number="1866" hits="0"/>
						<line number="1868" hits="0"/>
						<line number="1869" hits="0" branch="true" condition-coverage="0% (0/2)" missing-branches="1870,1876"/>
						<line number="1870" hits="0"/>
						<line number="1872" hits="0" branch="true" condition-coverage="0% (0/2)" missing-branches="1869,1873"/>
						<line number="1873" hits="0"/>
						<line number="1875" hits="0"/>
						<line number="1876" hits="0"/>
						<line number="1877" hits="0"/>
						<line number="1880" hits="0"/>
						<line number="1882" hits="0" branch="true" condition-coverage="0% (0/2)" missing-branches="1883,1886"/>
						<line number="1883" hits="0"/>
						<line number="1885" hits="0"/>
						<line number="1886" hits="0"/>
						<line number="1889" hits="1"/>
						<line number="1898" hits="1" branch="true" condition-coverage="100% (2/2)"/>
						<line number="1899" hits="1"/>
						<line number="1901" hits="1"/>
						<line number="1903" hits="1"/>
						<line number="1904" hits="1"/>
						<line number="1905" hits="1" branch="true" condition-coverage="50% (1/2)" missing-branches="1906"/>
						<line number="1906" hits="0"/>
						<line number="1908" hits="0" branch="true" condition-coverage="0% (0/2)" missing-branches="1905,1909"/>
						<line number="1909" hits="0"/>
						<line number="1911" hits="0"/>
						<line number="1912" hits="1"/>
						<line number="1913" hits="1" branch="true" condition-coverage="50% (1/2)" missing-branches="1914"/>
						<line number="1914" hits="0"/>
						<line number="1916" hits="0"/>
						<line number="1918" hits="1"/>
						<line number="1969" hits="1"/>
						<line number="1970" hits="1"/>
						<line number="1972" hits="1"/>
						<line number="1973" hits="1"/>
						<line number="1974" hits="1" branch="true" condition-coverage="100% (2/2)"/>
						<line number="1975" hits="1"/>
						<line number="1977" hits="1" branch="true" condition-coverage="100% (2/2)"/>
						<line number="1979" hits="1"/>
						<line number="1981" hits="1"/>
						<line number="1982" hits="1"/>
						<line number="1984" hits="1"/>
						<line number="1997" hits="1"/>
						<line number="2010" hits="1" branch="true" condition-coverage="100% (2/2)"/>
						<line number="2011" hits="1"/>
						<line number="2013" hits="1"/>
						<line number="2014" hits="1"/>
						<line number="2015" hits="1" branch="true" condition-coverage="100% (2/2)"/>
						<line number="2016" hits="1"/>
						<line number="2018" hits="1"/>
						<line number="2019" hits="1"/>
						<line number="2021" hits="1"/>
						<line number="2022" hits="1" branch="true" condition-coverage="100% (2/2)"/>
						<line number="2023" hits="1"/>
						<line number="2025" hits="1"/>
						<line number="2026" hits="1" branch="true" condition-coverage="100% (2/2)"/>
						<line number="2027" hits="1"/>
						<line number="2029" hits="1"/>
						<line number="2030" hits="1"/>
						<line number="2031" hits="1"/>
						<line number="2032" hits="1"/>
						<line number="2033" hits="1"/>
						<line number="2034" hits="1" branch="true" condition-coverage="100% (2/2)"/>
						<line number="2035" hits="1"/>
						<line number="2037" hits="1"/>
						<line number="2038" hits="1"/>
						<line number="2039" hits="1" branch="true" condition-coverage="100% (2/2)"/>
						<line number="2040" hits="1"/>
						<line number="2042" hits="1"/>
						<line number="2043" hits="1"/>
						<line number="2045" hits="1"/>
						<line number="2046" hits="1" branch="true" condition-coverage="100% (2/2)"/>
						<line number="2047" hits="1"/>
						<line number="2049" hits="1"/>
						<line number="2050" hits="1" branch="true" condition-coverage="100% (2/2)"/>
						<line number="2051" hits="1"/>
						<line number="2053" hits="1"/>
						<line number="2054" hits="1"/>
						<line number="2055" hits="1"/>
						<line number="2056" hits="1"/>
						<line number="2057" hits="1"/>
						<line number="2059" hits="1" branch="true" condition-coverage="100% (2/2)"/>
						<line number="2060" hits="1"/>
						<line number="2062" hits="1"/>
						<line number="2063" hits="1"/>
						<line number="2065" hits="1"/>
						<line number="2066" hits="1"/>
						<line number="2068" hits="1"/>
						<line number="2082" hits="1"/>
						<line number="2084" hits="1"/>
						<line number="2085" hits="1"/>
						<line number="2086" hits="1"/>
						<line number="2087" hits="1" branch="true" condition-coverage="100% (2/2)"/>
						<line number="2088" hits="1"/>
						<line number="2091" hits="1"/>
						<line number="2093" hits="1" branch="true" condition-coverage="100% (2/2)"/>
						<line number="2094" hits="1"/>
						<line number="2096" hits="1"/>
						<line number="2097" hits="1" branch="true" condition-coverage="100% (2/2)"/>
						<line number="2098" hits="1"/>
						<line number="2100" hits="1" branch="true" condition-coverage="100% (2/2)"/>
						<line number="2102" hits="1"/>
						<line number="2106" hits="1"/>
						<line number="2107" hits="1" branch="true" condition-coverage="100% (2/2)"/>
						<line number="2108" hits="1"/>
						<line number="2110" hits="1"/>
						<line number="2111" hits="1"/>
						<line number="2112" hits="1" branch="true" condition-coverage="100% (2/2)"/>
						<line number="2113" hits="1"/>
						<line number="2115" hits="1"/>
						<line number="2116" hits="1" branch="true" condition-coverage="100% (2/2)"/>
						<line number="2117" hits="1"/>
						<line number="2119" hits="1" branch="true" condition-coverage="100% (2/2)"/>
						<line number="2122" hits="1"/>
						<line number="2126" hits="1"/>
						<line number="2127" hits="1" branch="true" condition-coverage="100% (2/2)"/>
						<line number="2128" hits="1"/>
						<line number="2130" hits="1"/>
						<line number="2131" hits="1"/>
						<line number="2132" hits="1"/>
						<line number="2133" hits="1"/>
						<line number="2135" hits="1"/>
						<line number="2137" hits="1" branch="true" condition-coverage="100% (2/2)"/>
						<line number="2138" hits="1"/>
						<line number="2140" hits="1"/>
						<line number="2141" hits="1"/>
						<line number="2142" hits="1"/>
						<line number="2144" hits="1" branch="true" condition-coverage="100% (2/2)"/>
						<line number="2145" hits="1"/>
						<line number="2147" hits="1"/>
						<line number="2148" hits="1"/>
						<line number="2149" hits="1"/>
						<line number="2150" hits="1" branch="true" condition-coverage="100% (2/2)"/>
						<line number="2151" hits="1"/>
						<line number="2153" hits="1"/>
						<line number="2154" hits="1"/>
						<line number="2155" hits="1"/>
						<line number="2156" hits="1"/>
						<line number="2158" hits="1"/>
						<line number="2159" hits="1" branch="true" condition-coverage="100% (2/2)"/>
						<line number="2160" hits="1"/>
						<line number="2161" hits="1" branch="true" condition-coverage="100% (2/2)"/>
						<line number="2162" hits="1"/>
						<line number="2164" hits="1"/>
						<line number="2166" hits="1"/>
						<line number="2167" hits="1"/>
						<line number="2168" hits="1"/>
						<line number="2169" hits="1"/>
						<line number="2170" hits="1"/>
						<line number="2171" hits="1"/>
						<line number="2173" hits="1"/>
						<line number="2174" hits="1"/>
						<line number="2176" hits="1"/>
						<line number="2177" hits="1"/>
						<line number="2179" hits="1"/>
						<line number="2247" hits="1"/>
						<line number="2248" hits="1"/>
						<line number="2249" hits="1" branch="true" condition-coverage="100% (2/2)"/>
						<line number="2250" hits="1"/>
						<line number="2253" hits="1"/>
						<line number="2254" hits="1"/>
						<line number="2256" hits="1"/>
						<line number="2261" hits="1" branch="true" condition-coverage="100% (2/2)"/>
						<line number="2262" hits="1"/>
						<line number="2264" hits="1"/>
						<line number="2266" hits="1" branch="true" condition-coverage="50% (1/2)" missing-branches="2270"/>
						<line number="2267" hits="1"/>
						<line number="2269" hits="1"/>
						<line number="2270" hits="1"/>
						<line number="2272" hits="1" branch="true" condition-coverage="100% (2/2)"/>
						<line number="2273" hits="1"/>
						<line number="2275" hits="1"/>
						<line number="2276" hits="0" branch="true" condition-coverage="0% (0/2)" missing-branches="2277,2279"/>
						<line number="2277" hits="0"/>
						<line number="2278" hits="0"/>
						<line number="2279" hits="0" branch="true" condition-coverage="0% (0/2)" missing-branches="2280,2282"/>
						<line number="2280" hits="0"/>
						<line number="2281" hits="0"/>
						<line number="2282" hits="0"/>
						<line number="2283" hits="0"/>
						<line number="2284" hits="0"/>
						<line number="2288" hits="1"/>
						<line number="2290" hits="1" branch="true" condition-coverage="50% (1/2)" missing-branches="2304"/>
						<line number="2291" hits="1"/>
						<line number="2293" hits="1"/>
						<line number="2295" hits="1"/>
						<line number="2296" hits="1" branch="true" condition-coverage="100% (2/2)"/>
						<line number="2297" hits="1"/>
						<line number="2299" hits="1"/>
						<line number="2300" hits="1"/>
						<line number="2301" hits="1"/>
						<line number="2302" hits="1"/>
						<line number="2304" hits="1"/>
						<line number="2305" hits="1" branch="true" condition-coverage="100% (2/2)"/>
						<line number="2306" hits="1"/>
						<line number="2309" hits="1"/>
						<line number="2313" hits="1"/>
						<line number="2314" hits="1"/>
						<line number="2315" hits="1"/>
						<line number="2316" hits="1"/>
						<line number="2317" hits="0"/>
						<line number="2318" hits="0"/>
						<line number="2319" hits="0"/>
						<line number="2320" hits="0"/>
						<line number="2321" hits="0"/>
						<line number="2322" hits="0"/>
						<line number="2323" hits="0"/>
						<line number="2324" hits="1" branch="true" condition-coverage="50% (1/2)" missing-branches="2325"/>
						<line number="2325" hits="0"/>
						<line number="2327" hits="0"/>
						<line number="2329" hits="1"/>
						<line number="2330" hits="1"/>
						<line number="2331" hits="1"/>
						<line number="2334" hits="0"/>
						<line number="2337" hits="0"/>
						<line number="2338" hits="0"/>
						<line number="2339" hits="0" branch="true" condition-coverage="0% (0/2)" missing-branches="2341,2344"/>
						<line number="2341" hits="0"/>
						<line number="2343" hits="0"/>
						<line number="2344" hits="0"/>
						<line number="2345" hits="0"/>
						<line number="2346" hits="0"/>
						<line number="2347" hits="0"/>
						<line number="2348" hits="0" branch="true" condition-coverage="0% (0/2)" missing-branches="2349,2353"/>
						<line number="2349" hits="0"/>
						<line number="2352" hits="0"/>
						<line number="2353" hits="0" branch="true" condition-coverage="0% (0/2)" missing-branches="2354,2361"/>
						<line number="2354" hits="0"/>
						<line number="2356" hits="0"/>
						<line number="2358" hits="0"/>
						<line number="2359" hits="0"/>
						<line number="2361" hits="0"/>
						<line number="2362" hits="0"/>
						<line number="2363" hits="0"/>
						<line number="2364" hits="0" branch="true" condition-coverage="0% (0/2)" missing-branches="2365,2369"/>
						<line number="2365" hits="0"/>
						<line number="2367" hits="0"/>
						<line number="2369" hits="0"/>
						<line number="2370" hits="0"/>
						<line number="2372" hits="1"/>
						<line number="2382" hits="1"/>
						<line number="2383" hits="1" branch="true" condition-coverage="100% (2/2)"/>
						<line number="2384" hits="1"/>
						<line number="2388" hits="1"/>
						<line number="2389" hits="1"/>
						<line number="2390" hits="1" branch="true" condition-coverage="100% (2/2)"/>
						<line number="2391" hits="1"/>
						<line number="2393" hits="1"/>
						<line number="2394" hits="1" branch="true" condition-coverage="100% (2/2)"/>
						<line number="2395" hits="1"/>
						<line number="2397" hits="1" branch="true" condition-coverage="100% (2/2)"/>
						<line number="2398" hits="1"/>
						<line number="2400" hits="1"/>
						<line number="2402" hits="1"/>
						<line number="2404" hits="1"/>
						<line number="2405" hits="1"/>
						<line number="2406" hits="1" branch="true" condition-coverage="100% (2/2)"/>
						<line number="2407" hits="1"/>
						<line number="2409" hits="1"/>
						<line number="2411" hits="1"/>
						<line number="2422" hits="1"/>
						<line number="2425" hits="1"/>
						<line number="2427" hits="1"/>
						<line number="2437" hits="1"/>
						<line number="2447" hits="1"/>
						<line number="2448" hits="1" branch="true" condition-coverage="100% (2/2)"/>
						<line number="2450" hits="1"/>
						<line number="2453" hits="1"/>
						<line number="2454" hits="1"/>
						<line number="2455" hits="1" branch="true" condition-coverage="100% (2/2)"/>
						<line number="2456" hits="1"/>
						<line number="2458" hits="1"/>
						<line number="2463" hits="1"/>
						<line number="2464" hits="1"/>
						<line number="2465" hits="1"/>
						<line number="2467" hits="1"/>
						<line number="2477" hits="1"/>
						<line number="2478" hits="1"/>
						<line number="2482" hits="1"/>
						<line number="2486" hits="1"/>
						<line number="2488" hits="1"/>
						<line number="2491" hits="1" branch="true" condition-coverage="100% (2/2)"/>
						<line number="2492" hits="1"/>
						<line number="2494" hits="1"/>
						<line number="2495" hits="1" branch="true" condition-coverage="100% (2/2)"/>
						<line number="2496" hits="1"/>
						<line number="2498" hits="1"/>
						<line number="2499" hits="1"/>
						<line number="2500" hits="1"/>
						<line number="2502" hits="1"/>
						<line number="2503" hits="1" branch="true" condition-coverage="100% (2/2)"/>
						<line number="2504" hits="1"/>
						<line number="2507" hits="1"/>
						<line number="2508" hits="1"/>
						<line number="2509" hits="1"/>
						<line number="2510" hits="1" branch="true" condition-coverage="100% (2/2)"/>
						<line number="2511" hits="1"/>
						<line number="2513" hits="1" branch="true" condition-coverage="100% (2/2)"/>
						<line number="2514" hits="1"/>
						<line number="2516" hits="1"/>
						<line number="2517" hits="1" branch="true" condition-coverage="100% (2/2)"/>
						<line number="2518" hits="1"/>
						<line number="2520" hits="1"/>
						<line number="2521" hits="1" branch="true" condition-coverage="100% (2/2)"/>
						<line number="2522" hits="1"/>
						<line number="2524" hits="1"/>
						<line number="2525" hits="1" branch="true" condition-coverage="100% (2/2)"/>
						<line number="2526" hits="1"/>
						<line number="2528" hits="1"/>
						<line number="2529" hits="1" branch="true" condition-coverage="100% (2/2)"/>
						<line number="2530" hits="1"/>
						<line number="2532" hits="1"/>
						<line number="2533" hits="1"/>
						<line number="2534" hits="1" branch="true" condition-coverage="100% (2/2)"/>
						<line number="2535" hits="1"/>
						<line number="2537" hits="1"/>
						<line number="2539" hits="1"/>
						<line number="2540" hits="1" branch="true" condition-coverage="100% (2/2)"/>
						<line number="2553" hits="1" branch="true" condition-coverage="100% (2/2)"/>
						<line number="2554" hits="1"/>
						<line number="2556" hits="1"/>
						<line number="2557" hits="1"/>
						<line number="2558" hits="1"/>
						<line number="2559" hits="1" branch="true" condition-coverage="50% (1/2)" missing-branches="2560"/>
						<line number="2560" hits="0"/>
						<line number="2562" hits="0"/>
						<line number="2563" hits="0" branch="true" condition-coverage="0% (0/2)" missing-branches="2564,2567"/>
						<line number="2564" hits="0"/>
						<line number="2566" hits="0"/>
						<line number="2567" hits="0"/>
						<line number="2568" hits="0"/>
						<line number="2569" hits="0" branch="true" condition-coverage="0% (0/2)" missing-branches="2570,2578"/>
						<line number="2570" hits="0"/>
						<line number="2575" hits="0"/>
						<line number="2576" hits="0"/>
						<line number="2578" hits="0"/>
						<line number="2581" hits="0"/>
						<line number="2582" hits="0"/>
						<line number="2583" hits="1"/>
						<line number="2585" hits="1"/>
						<line number="2596" hits="1"/>
						<line number="2597" hits="1"/>
						<line number="2598" hits="1"/>
						<line number="2599" hits="1" branch="true" condition-coverage="100% (2/2)"/>
						<line number="2600" hits="1"/>
						<line number="2601" hits="1" branch="true" condition-coverage="50% (1/2)" missing-branches="2602"/>
						<line number="2602" hits="0"/>
						<line number="2604" hits="0"/>
						<line number="2610" hits="0"/>
						<line number="2611" hits="1"/>
						<line number="2612" hits="1"/>
						<line number="2613" hits="1"/>
						<line number="2614" hits="1"/>
						<line number="2615" hits="1" branch="true" condition-coverage="100% (2/2)"/>
						<line number="2616" hits="1"/>
						<line number="2617" hits="1"/>
						<line number="2618" hits="1"/>
						<line number="2619" hits="1"/>
						<line number="2620" hits="1"/>
						<line number="2621" hits="1"/>
						<line number="2622" hits="1"/>
						<line number="2623" hits="1"/>
						<line number="2624" hits="1"/>
						<line number="2626" hits="1"/>
						<line number="2639" hits="1"/>
						<line number="2641" hits="1"/>
						<line number="2656" hits="1" branch="true" condition-coverage="50% (1/2)" missing-branches="2657"/>
						<line number="2657" hits="0"/>
						<line number="2660" hits="0"/>
						<line number="2661" hits="0"/>
						<line number="2662" hits="0" branch="true" condition-coverage="0% (0/2)" missing-branches="2663,2664"/>
						<line number="2663" hits="0"/>
						<line number="2664" hits="0"/>
						<line number="2665" hits="0"/>
						<line number="2670" hits="1"/>
						<line number="2682" hits="1"/>
						<line number="2683" hits="1" branch="true" condition-coverage="100% (2/2)"/>
						<line number="2684" hits="1"/>
						<line number="2686" hits="1"/>
						<line number="2690" hits="1"/>
						<line number="2692" hits="1"/>
						<line number="2704" hits="1"/>
						<line number="2705" hits="1"/>
						<line number="2706" hits="1" branch="true" condition-coverage="50% (1/2)" missing-branches="2707"/>
						<line number="2707" hits="0"/>
						<line number="2709" hits="0"/>
						<line number="2713" hits="0"/>
						<line number="2715" hits="1"/>
						<line number="2727" hits="1"/>
						<line number="2731" hits="1"/>
						<line number="2733" hits="1"/>
						<line number="2756" hits="1"/>
						<line number="2758" hits="1"/>
						<line number="2759" hits="1"/>
						<line number="2760" hits="1"/>
						<line number="2761" hits="1"/>
						<line number="2764" hits="1"/>
						<line number="2765" hits="1"/>
						<line number="2766" hits="1" branch="true" condition-coverage="100% (2/2)"/>
						<line number="2767" hits="1"/>
						<line number="2769" hits="1" branch="true" condition-coverage="100% (2/2)"/>
						<line number="2770" hits="1"/>
						<line number="2772" hits="1"/>
						<line number="2773" hits="1"/>
						<line number="2774" hits="1" branch="true" condition-coverage="100% (2/2)"/>
						<line number="2775" hits="1"/>
						<line number="2777" hits="1"/>
						<line number="2779" hits="1"/>
						<line number="2781" hits="1"/>
						<line number="2782" hits="1"/>
						<line number="2783" hits="1" branch="true" condition-coverage="100% (2/2)"/>
						<line number="2784" hits="1"/>
						<line number="2786" hits="1"/>
						<line number="2790" hits="1"/>
						<line number="2792" hits="1"/>
						<line number="2813" hits="1" branch="true" condition-coverage="50% (1/2)" missing-branches="2866"/>
						<line number="2815" hits="1"/>
						<line number="2817" hits="1"/>
						<line number="2818" hits="1"/>
						<line number="2819" hits="1"/>
						<line number="2820" hits="1"/>
						<line number="2823" hits="1"/>
						<line number="2825" hits="1"/>
						<line number="2827" hits="1" branch="true" condition-coverage="50% (1/2)" missing-branches="2813"/>
						<line number="2828" hits="1"/>
						<line number="2830" hits="1"/>
						<line number="2831" hits="1"/>
						<line number="2833" hits="1"/>
						<line number="2834" hits="1" branch="true" condition-coverage="50% (1/2)" missing-branches="2835"/>
						<line number="2835" hits="0"/>
						<line number="2837" hits="0"/>
						<line number="2839" hits="1"/>
						<line number="2840" hits="1"/>
						<line number="2841" hits="1"/>
						<line number="2843" hits="1" branch="true" condition-coverage="50% (1/2)" missing-branches="2850"/>
						<line number="2845" hits="1"/>
						<line number="2848" hits="1"/>
						<line number="2850" hits="1"/>
						<line number="2856" hits="1"/>
						<line number="2857" hits="1"/>
						<line number="2859" hits="0"/>
						<line number="2860" hits="0"/>
						<line number="2862" hits="0"/>
						<line number="2863" hits="0"/>
						<line number="2864" hits="0"/>
						<line number="2866" hits="0"/>
						<line number="2867" hits="0"/>
						<line number="2869" hits="1"/>
						<line number="2884" hits="1"/>
						<line number="2886" hits="1"/>
						<line number="2887" hits="1"/>
						<line number="2889" hits="1"/>
						<line number="2901" hits="1" branch="true" condition-coverage="100% (2/2)"/>
						<line number="2902" hits="1"/>
						<line number="2904" hits="1"/>
						<line number="2905" hits="1" branch="true" condition-coverage="100% (2/2)"/>
						<line number="2906" hits="1"/>
						<line number="2908" hits="1" branch="true" condition-coverage="100% (2/2)"/>
						<line number="2909" hits="1"/>
						<line number="2911" hits="1"/>
						<line number="2912" hits="1"/>
						<line number="2915" hits="1"/>
						<line number="2918" hits="1"/>
						<line number="2919" hits="1"/>
						<line number="2921" hits="1"/>
						<line number="2922" hits="1" branch="true" condition-coverage="100% (2/2)"/>
						<line number="2932" hits="1"/>
						<line number="2933" hits="1"/>
						<line number="2934" hits="1"/>
						<line number="2935" hits="1"/>
						<line number="2937" hits="1"/>
						<line number="2938" hits="1" branch="true" condition-coverage="100% (2/2)"/>
						<line number="2948" hits="1"/>
						<line number="2949" hits="1"/>
						<line number="2950" hits="1"/>
						<line number="2951" hits="1"/>
						<line number="2954" hits="1"/>
						<line number="2955" hits="1" branch="true" condition-coverage="100% (2/2)"/>
						<line number="2966" hits="1"/>
						<line number="2967" hits="1"/>
						<line number="2968" hits="1"/>
						<line number="2969" hits="1"/>
						<line number="2970" hits="1" branch="true" condition-coverage="100% (2/2)"/>
						<line number="2971" hits="1"/>
						<line number="2973" hits="1"/>
						<line number="2974" hits="1"/>
						<line number="2975" hits="1"/>
						<line number="2977" hits="1" branch="true" condition-coverage="100% (2/2)"/>
						<line number="2978" hits="1"/>
						<line number="2980" hits="1"/>
						<line number="2981" hits="1" branch="true" condition-coverage="100% (2/2)"/>
						<line number="2982" hits="1"/>
						<line number="2984" hits="1"/>
						<line number="2985" hits="1"/>
						<line number="2986" hits="1"/>
						<line number="2987" hits="1"/>
						<line number="2988" hits="1"/>
						<line number="2990" hits="1"/>
						<line number="2991" hits="1" branch="true" condition-coverage="100% (2/2)"/>
						<line number="3001" hits="1"/>
						<line number="3003" hits="1"/>
						<line number="3004" hits="1" branch="true" condition-coverage="100% (2/2)"/>
						<line number="3005" hits="1"/>
						<line number="3007" hits="1"/>
						<line number="3008" hits="1"/>
						<line number="3011" hits="1"/>
						<line number="3012" hits="1"/>
						<line number="3013" hits="1"/>
						<line number="3015" hits="1"/>
						<line number="3016" hits="1"/>
						<line number="3018" hits="1"/>
						<line number="3019" hits="1" branch="true" condition-coverage="100% (2/2)"/>
						<line number="3029" hits="1"/>
						<line number="3030" hits="1"/>
						<line number="3031" hits="1"/>
						<line number="3033" hits="1"/>
						<line number="3034" hits="1" branch="true" condition-coverage="100% (2/2)"/>
						<line number="3043" hits="1"/>
						<line number="3044" hits="1"/>
						<line number="3045" hits="1" branch="true" condition-coverage="100% (2/2)"/>
						<line number="3046" hits="1"/>
						<line number="3048" hits="1" branch="true" condition-coverage="100% (2/2)"/>
						<line number="3049" hits="1"/>
						<line number="3051" hits="1"/>
						<line number="3052" hits="1"/>
						<line number="3053" hits="1"/>
						<line number="3055" hits="1" branch="true" condition-coverage="100% (2/2)"/>
						<line number="3056" hits="1"/>
						<line number="3058" hits="1" branch="true" condition-coverage="100% (2/2)"/>
						<line number="3059" hits="1"/>
						<line number="3061" hits="1"/>
						<line number="3062" hits="1"/>
						<line number="3064" hits="1"/>
						<line number="3065" hits="1" branch="true" condition-coverage="100% (2/2)"/>
						<line number="3066" hits="1"/>
						<line number="3068" hits="1" branch="true" condition-coverage="50% (1/2)" missing-branches="3069"/>
						<line number="3069" hits="0"/>
						<line number="3071" hits="0"/>
						<line number="3072" hits="0"/>
						<line number="3073" hits="1"/>
						<line number="3075" hits="1"/>
						<line number="3076" hits="1" branch="true" condition-coverage="100% (2/2)"/>
						<line number="3077" hits="1"/>
						<line number="3079" hits="1" branch="true" condition-coverage="50% (1/2)" missing-branches="3076"/>
						<line number="3080" hits="1"/>
						<line number="3082" hits="1"/>
						<line number="3083" hits="1"/>
						<line number="3084" hits="1"/>
						<line number="3086" hits="1" branch="true" condition-coverage="50% (1/2)" missing-branches="3087"/>
						<line number="3087" hits="0"/>
						<line number="3089" hits="0"/>
						<line number="3090" hits="0"/>
						<line number="3092" hits="1"/>
						<line number="3093" hits="1"/>
						<line number="3095" hits="1"/>
						<line number="3096" hits="1" branch="true" condition-coverage="100% (2/2)"/>
						<line number="3109" hits="1"/>
						<line number="3110" hits="1"/>
						<line number="3111" hits="1"/>
						<line number="3112" hits="1" branch="true" condition-coverage="100% (2/2)"/>
						<line number="3113" hits="1"/>
						<line number="3115" hits="1"/>
						<line number="3116" hits="1" branch="true" condition-coverage="100% (2/2)"/>
						<line number="3117" hits="1"/>
						<line number="3119" hits="1"/>
						<line number="3121" hits="1"/>
						<line number="3125" hits="1" branch="true" condition-coverage="100% (2/2)"/>
						<line number="3130" hits="1"/>
						<line number="3134" hits="1"/>
						<line number="3135" hits="1"/>
						<line number="3136" hits="1"/>
						<line number="3137" hits="1"/>
						<line number="3138" hits="1"/>
						<line number="3140" hits="1" branch="true" condition-coverage="100% (2/2)"/>
						<line number="3141" hits="1"/>
						<line number="3143" hits="1" branch="true" condition-coverage="100% (2/2)"/>
						<line number="3144" hits="1"/>
						<line number="3147" hits="1"/>
						<line number="3148" hits="1" branch="true" condition-coverage="100% (2/2)"/>
						<line number="3149" hits="1"/>
						<line number="3152" hits="1"/>
						<line number="3153" hits="1"/>
						<line number="3154" hits="1"/>
						<line number="3155" hits="1" branch="true" condition-coverage="100% (2/2)"/>
						<line number="3156" hits="1"/>
						<line number="3160" hits="1"/>
						<line number="3161" hits="1"/>
						<line number="3163" hits="1"/>
						<line number="3164" hits="1"/>
						<line number="3165" hits="1"/>
						<line number="3167" hits="1"/>
						<line number="3168" hits="1" branch="true" condition-coverage="100% (2/2)"/>
						<line number="3179" hits="1"/>
						<line number="3180" hits="1"/>
						<line number="3183" hits="1"/>
						<line number="3184" hits="1"/>
						<line number="3186" hits="1"/>
						<line number="3187" hits="1"/>
						<line number="3188" hits="1" branch="true" condition-coverage="100% (2/2)"/>
						<line number="3189" hits="1"/>
						<line number="3191" hits="1"/>
						<line number="3192" hits="1" branch="true" condition-coverage="50% (1/2)" missing-branches="3214"/>
						<line number="3193" hits="1"/>
						<line number="3196" hits="1"/>
						<line number="3197" hits="1" branch="true" condition-coverage="100% (2/2)"/>
						<line number="3198" hits="1"/>
						<line number="3200" hits="1"/>
						<line number="3201" hits="1" branch="true" condition-coverage="50% (1/2)" missing-branches="3205"/>
						<line number="3202" hits="1"/>
						<line number="3204" hits="1"/>
						<line number="3205" hits="1" branch="true" condition-coverage="50% (1/2)" missing-branches="3209"/>
						<line number="3206" hits="1"/>
						<line number="3208" hits="1"/>
						<line number="3209" hits="1" branch="true" condition-coverage="50% (1/2)" missing-branches="3197"/>
						<line number="3210" hits="1"/>
						<line number="3212" hits="1"/>
						<line number="3213" hits="1"/>
						<line number="3214" hits="1"/>
						<line number="3215" hits="1"/>
						<line number="3216" hits="1"/>
						<line number="3218" hits="1"/>
						<line number="3219" hits="1" branch="true" condition-coverage="100% (2/2)"/>
						<line number="3230" hits="1"/>
						<line number="3231" hits="1"/>
						<line number="3232" hits="1"/>
						<line number="3233" hits="1"/>
						<line number="3234" hits="1"/>
						<line number="3236" hits="1"/>
						<line number="3237" hits="1"/>
						<line number="3238" hits="1"/>
						<line number="3239" hits="1"/>
						<line number="3240" hits="1" branch="true" condition-coverage="100% (2/2)"/>
						<line number="3241" hits="1"/>
						<line number="3243" hits="1"/>
						<line number="3244" hits="1"/>
						<line number="3245" hits="1"/>
						<line number="3246" hits="1" branch="true" condition-coverage="100% (2/2)"/>
						<line number="3247" hits="1"/>
						<line number="3249" hits="1"/>
						<line number="3250" hits="1"/>
						<line number="3251" hits="1" branch="true" condition-coverage="100% (2/2)"/>
						<line number="3252" hits="1"/>
						<line number="3254" hits="1"/>
						<line number="3256" hits="1"/>
						<line number="3257" hits="1" branch="true" condition-coverage="100% (2/2)"/>
						<line number="3258" hits="1"/>
						<line number="3260" hits="1"/>
						<line number="3262" hits="1"/>
						<line number="3264" hits="1"/>
						<line number="3265" hits="1"/>
						<line number="3266" hits="1"/>
						<line number="3267" hits="1"/>
						<line number="3269" hits="1"/>
						<line number="3271" hits="1" branch="true" condition-coverage="100% (2/2)"/>
						<line number="3273" hits="1"/>
						<line number="3276" hits="1"/>
						<line number="3277" hits="1" branch="true" condition-coverage="100% (2/2)"/>
						<line number="3278" hits="1"/>
						<line number="3280" hits="1"/>
						<line number="3284" hits="1"/>
						<line number="3289" hits="1"/>
						<line number="3292" hits="1"/>
						<line number="3293" hits="1" branch="true" condition-coverage="100% (2/2)"/>
						<line number="3296" hits="1"/>
						<line number="3300" hits="1" branch="true" condition-coverage="100% (2/2)"/>
						<line number="3301" hits="1"/>
						<line number="3303" hits="1"/>
						<line number="3304" hits="1"/>
						<line number="3305" hits="1" branch="true" condition-coverage="100% (2/2)"/>
						<line number="3306" hits="1"/>
						<line number="3308" hits="1"/>
						<line number="3309" hits="1" branch="true" condition-coverage="100% (2/2)"/>
						<line number="3310" hits="1"/>
						<line number="3314" hits="1"/>
						<line number="3318" hits="1" branch="true" condition-coverage="100% (2/2)"/>
						<line number="3319" hits="1"/>
						<line number="3323" hits="1"/>
						<line number="3324" hits="1" branch="true" condition-coverage="100% (2/2)"/>
						<line number="3325" hits="1"/>
						<line number="3329" hits="1" branch="true" condition-coverage="100% (2/2)"/>
						<line number="3330" hits="1"/>
						<line number="3335" hits="1"/>
						<line number="3337" hits="1"/>
						<line number="3338" hits="1"/>
						<line number="3349" hits="1"/>
						<line number="3351" hits="1"/>
						<line number="3353" hits="1"/>
						<line number="3356" hits="1" branch="true" condition-coverage="100% (2/2)"/>
						<line number="3357" hits="1"/>
						<line number="3359" hits="1" branch="true" condition-coverage="100% (2/2)"/>
						<line number="3360" hits="1"/>
						<line number="3362" hits="1"/>
						<line number="3365" hits="1"/>
						<line number="3366" hits="1"/>
						<line number="3368" hits="1"/>
						<line number="3369" hits="1"/>
						<line number="3372" hits="1"/>
						<line number="3373" hits="1" branch="true" condition-coverage="100% (2/2)"/>
						<line number="3383" hits="1"/>
						<line number="3385" hits="1"/>
						<line number="3386" hits="1"/>
						<line number="3388" hits="1"/>
						<line number="3389" hits="1" branch="true" condition-coverage="100% (2/2)"/>
						<line number="3390" hits="1"/>
						<line number="3392" hits="1"/>
						<line number="3393" hits="1"/>
						<line number="3395" hits="1"/>
						<line number="3396" hits="1" branch="true" condition-coverage="100% (2/2)"/>
						<line number="3397" hits="1"/>
						<line number="3399" hits="1"/>
						<line number="3402" hits="1" branch="true" condition-coverage="100% (2/2)"/>
						<line number="3403" hits="1"/>
						<line number="3405" hits="1"/>
						<line number="3407" hits="1" branch="true" condition-coverage="100% (2/2)"/>
						<line number="3408" hits="1"/>
						<line number="3410" hits="1"/>
						<line number="3412" hits="1"/>
						<line number="3413" hits="1" branch="true" condition-coverage="100% (2/2)"/>
						<line number="3414" hits="1"/>
						<line number="3417" hits="1"/>
						<line number="3419" hits="1"/>
						<line number="3420" hits="1"/>
						<line number="3422" hits="1"/>
						<line number="3423" hits="1"/>
						<line number="3425" hits="1"/>
						<line number="3426" hits="1" branch="true" condition-coverage="100% (2/2)"/>
						<line number="3427" hits="1"/>
						<line number="3429" hits="1" branch="true" condition-coverage="100% (2/2)"/>
						<line number="3432" hits="1"/>
						<line number="3434" hits="1"/>
						<line number="3435" hits="1" branch="true" condition-coverage="100% (2/2)"/>
						<line number="3436" hits="1"/>
						<line number="3438" hits="1" branch="true" condition-coverage="100% (2/2)"/>
						<line number="3439" hits="1"/>
						<line number="3441" hits="1"/>
						<line number="3442" hits="1"/>
						<line number="3443" hits="1"/>
						<line number="3444" hits="1"/>
						<line number="3445" hits="1"/>
						<line number="3446" hits="1"/>
						<line number="3447" hits="1"/>
						<line number="3448" hits="1"/>
						<line number="3450" hits="1"/>
						<line number="3452" hits="1"/>
						<line number="3454" hits="1"/>
						<line number="3457" hits="1"/>
						<line number="3458" hits="1"/>
						<line number="3461" hits="1"/>
						<line number="3463" hits="1"/>
						<line number="3464" hits="1"/>
						<line number="3465" hits="1"/>
						<line number="3467" hits="1"/>
						<line number="3468" hits="1"/>
						<line number="3470" hits="1"/>
						<line number="3471" hits="1"/>
						<line number="3473" hits="1"/>
						<line number="3482" hits="1" branch="true" condition-coverage="100% (2/2)"/>
						<line number="3483" hits="1"/>
						<line number="3485" hits="1"/>
						<line number="3486" hits="1" branch="true" condition-coverage="100% (2/2)"/>
						<line number="3487" hits="1"/>
						<line number="3489" hits="1" branch="true" condition-coverage="100% (2/2)"/>
						<line number="3490" hits="1"/>
						<line number="3492" hits="1"/>
						<line number="3494" hits="1"/>
						<line number="3496" hits="1"/>
						<line number="3497" hits="1"/>
						<line number="3498" hits="1" branch="true" condition-coverage="100% (2/2)"/>
						<line number="3499" hits="1"/>
						<line number="3501" hits="1"/>
						<line number="3502" hits="1" branch="true" condition-coverage="100% (2/2)"/>
						<line number="3503" hits="1"/>
						<line number="3505" hits="1" branch="true" condition-coverage="100% (2/2)"/>
						<line number="3506" hits="1"/>
						<line number="3508" hits="1"/>
						<line number="3510" hits="1"/>
						<line number="3512" hits="1"/>
						<line number="3513" hits="1"/>
						<line number="3515" hits="1"/>
						<line number="3516" hits="1" branch="true" condition-coverage="100% (2/2)"/>
						<line number="3526" hits="1"/>
						<line number="3527" hits="1"/>
						<line number="3528" hits="1" branch="true" condition-coverage="100% (2/2)"/>
						<line number="3529" hits="1"/>
						<line number="3531" hits="1"/>
						<line number="3533" hits="1" branch="true" condition-coverage="100% (2/2)"/>
						<line number="3534" hits="1"/>
						<line number="3536" hits="1"/>
						<line number="3537" hits="1"/>
						<line number="3538" hits="1"/>
						<line number="3541" hits="1" branch="true" condition-coverage="100% (2/2)"/>
						<line number="3542" hits="1"/>
						<line number="3544" hits="1"/>
						<line number="3545" hits="1" branch="true" condition-coverage="100% (2/2)"/>
						<line number="3546" hits="1"/>
						<line number="3549" hits="1"/>
						<line number="3550" hits="1"/>
						<line number="3551" hits="1"/>
						<line number="3552" hits="1"/>
						<line number="3553" hits="1"/>
						<line number="3555" hits="1"/>
						<line number="3564" hits="1"/>
						<line number="3565" hits="1"/>
						<line number="3567" hits="1"/>
						<line number="3568" hits="1" branch="true" condition-coverage="100% (2/2)"/>
						<line number="3569" hits="1"/>
						<line number="3571" hits="1"/>
						<line number="3572" hits="1"/>
						<line number="3573" hits="1" branch="true" condition-coverage="50% (1/2)" missing-branches="3574"/>
						<line number="3574" hits="0"/>
						<line number="3577" hits="0" branch="true" condition-coverage="0% (0/2)" missing-branches="3579,3585"/>
						<line number="3579" hits="0"/>
						<line number="3583" hits="0"/>
						<line number="3585" hits="0"/>
						<line number="3587" hits="0"/>
						<line number="3588" hits="1" branch="true" condition-coverage="50% (1/2)" missing-branches="3568"/>
						<line number="3589" hits="1"/>
						<line number="3592" hits="1"/>
						<line number="3593" hits="1"/>
						<line number="3594" hits="1"/>
						<line number="3595" hits="1"/>
						<line number="3597" hits="1"/>
						<line number="3598" hits="1" branch="true" condition-coverage="100% (2/2)"/>
						<line number="3607" hits="1"/>
						<line number="3609" hits="1" branch="true" condition-coverage="50% (1/2)" missing-branches="3610"/>
						<line number="3610" hits="0"/>
						<line number="3612" hits="0"/>
						<line number="3613" hits="0"/>
						<line number="3615" hits="1" branch="true" condition-coverage="50% (1/2)" missing-branches="3616"/>
						<line number="3616" hits="0"/>
						<line number="3618" hits="0"/>
						<line number="3621" hits="1"/>
						<line number="3623" hits="1"/>
						<line number="3628" hits="1"/>
						<line number="3629" hits="1" branch="true" condition-coverage="50% (1/2)" missing-branches="3637"/>
						<line number="3630" hits="1"/>
						<line number="3632" hits="1" branch="true" condition-coverage="50% (1/2)" missing-branches="3629"/>
						<line number="3633" hits="1"/>
						<line number="3635" hits="1"/>
						<line number="3636" hits="1"/>
						<line number="3637" hits="1"/>
						<line number="3638" hits="1"/>
						<line number="3639" hits="1"/>
						<line number="3641" hits="1"/>
						<line number="3642" hits="1" branch="true" condition-coverage="100% (2/2)"/>
						<line number="3651" hits="1"/>
						<line number="3653" hits="1"/>
						<line number="3654" hits="1"/>
						<line number="3655" hits="1"/>
						<line number="3657" hits="1"/>
						<line number="3658" hits="1" branch="true" condition-coverage="100% (2/2)"/>
						<line number="3667" hits="1"/>
						<line number="3668" hits="1"/>
						<line number="3669" hits="1"/>
						<line number="3670" hits="1"/>
						<line number="3672" hits="1"/>
						<line number="3673" hits="1" branch="true" condition-coverage="100% (2/2)"/>
						<line number="3682" hits="1"/>
						<line number="3683" hits="1"/>
						<line number="3684" hits="1"/>
						<line number="3685" hits="1"/>
						<line number="3687" hits="1"/>
						<line number="3688" hits="1" branch="true" condition-coverage="100% (2/2)"/>
						<line number="3698" hits="1"/>
						<line number="3700" hits="1"/>
						<line number="3701" hits="1" branch="true" condition-coverage="100% (2/2)"/>
						<line number="3702" hits="1"/>
						<line number="3704" hits="1"/>
						<line number="3705" hits="1"/>
						<line number="3706" hits="1"/>
						<line number="3708" hits="1"/>
						<line number="3709" hits="1" branch="true" condition-coverage="100% (2/2)"/>
						<line number="3718" hits="1"/>
						<line number="3719" hits="1"/>
						<line number="3720" hits="1"/>
						<line number="3722" hits="1"/>
						<line number="3723" hits="1" branch="true" condition-coverage="100% (2/2)"/>
						<line number="3732" hits="1"/>
						<line number="3733" hits="1"/>
						<line number="3734" hits="1"/>
						<line number="3736" hits="1"/>
						<line number="3737" hits="1" branch="true" condition-coverage="100% (2/2)"/>
						<line number="3746" hits="1"/>
						<line number="3747" hits="1"/>
						<line number="3749" hits="1"/>
						<line number="3752" hits="1" branch="true" condition-coverage="50% (1/2)" missing-branches="3758"/>
						<line number="3753" hits="1"/>
						<line number="3755" hits="1"/>
						<line number="3756" hits="1"/>
						<line number="3757" hits="0"/>
						<line number="3758" hits="0"/>
						<line number="3759" hits="0"/>
						<line number="3763" hits="1"/>
						<line number="3764" hits="1" branch="true" condition-coverage="100% (2/2)"/>
						<line number="3774" hits="1"/>
						<line number="3775" hits="1"/>
						<line number="3776" hits="1"/>
						<line number="3777" hits="1"/>
						<line number="3779" hits="1"/>
						<line number="3780" hits="1" branch="true" condition-coverage="100% (2/2)"/>
						<line number="3790" hits="1"/>
						<line number="3791" hits="1"/>
						<line number="3792" hits="1"/>
						<line number="3794" hits="1"/>
						<line number="3795" hits="1" branch="true" condition-coverage="100% (2/2)"/>
						<line number="3805" hits="1"/>
						<line number="3806" hits="1"/>
						<line number="3807" hits="1"/>
						<line number="3808" hits="1"/>
						<line number="3810" hits="1"/>
						<line number="3819" hits="1"/>
						<line number="3820" hits="1" branch="true" condition-coverage="100% (2/2)"/>
						<line number="3821" hits="1"/>
						<line number="3823" hits="1"/>
						<line number="3824" hits="1"/>
						<line number="3825" hits="1"/>
						<line number="3826" hits="1"/>
						<line number="3833" hits="1" branch="true" condition-coverage="100% (2/2)"/>
						<line number="3834" hits="1"/>
						<line number="3835" hits="1"/>
						<line number="3836" hits="1"/>
						<line number="3837" hits="1"/>
						<line number="3838" hits="1"/>
						<line number="3839" hits="1"/>
						<line number="3840" hits="1"/>
						<line number="3842" hits="1"/>
						<line number="3851" hits="1"/>
						<line number="3853" hits="1"/>
						<line number="3855" hits="1"/>
						<line number="3856" hits="1"/>
						<line number="3857" hits="1" branch="true" condition-coverage="100% (2/2)"/>
						<line number="3858" hits="1"/>
						<line number="3860" hits="1"/>
						<line number="3864" hits="1"/>
						<line number="3865" hits="1"/>
						<line number="3866" hits="1"/>
						<line number="3868" hits="1"/>
						<line number="3877" hits="1"/>
						<line number="3878" hits="1"/>
						<line number="3879" hits="1"/>
						<line number="3880" hits="1"/>
						<line number="3881" hits="1" branch="true" condition-coverage="100% (2/2)"/>
						<line number="3882" hits="1"/>
						<line number="3884" hits="1"/>
						<line number="3885" hits="1"/>
						<line number="3886" hits="1" branch="true" condition-coverage="100% (2/2)"/>
						<line number="3887" hits="1"/>
						<line number="3889" hits="1"/>
						<line number="3891" hits="1" branch="true" condition-coverage="100% (2/2)"/>
						<line number="3892" hits="1"/>
						<line number="3894" hits="1"/>
						<line number="3895" hits="1"/>
						<line number="3896" hits="1" branch="true" condition-coverage="100% (2/2)"/>
						<line number="3897" hits="1"/>
						<line number="3899" hits="1"/>
						<line number="3900" hits="1"/>
						<line number="3901" hits="1"/>
						<line number="3902" hits="1"/>
						<line number="3905" hits="1"/>
						<line number="3911" hits="1"/>
						<line number="3922" hits="1"/>
						<line number="3923" hits="1"/>
						<line number="3924" hits="1"/>
						<line number="3925" hits="1"/>
						<line number="3927" hits="1"/>
						<line number="3938" hits="1"/>
						<line number="3939" hits="1"/>
						<line number="3941" hits="1"/>
						<line number="3943" hits="1"/>
						<line number="3945" hits="1"/>
						<line number="3949" hits="1"/>
						<line number="3950" hits="1"/>
						<line number="3951" hits="1"/>
						<line number="3953" hits="1"/>
						<line number="3955" hits="1"/>
						<line number="3956" hits="1" branch="true" condition-coverage="100% (2/2)"/>
						<line number="3958" hits="1"/>
						<line number="3960" hits="1"/>
						<line number="3961" hits="1" branch="true" condition-coverage="100% (2/2)"/>
						<line number="3963" hits="1"/>
						<line number="3965" hits="1" branch="true" condition-coverage="100% (2/2)"/>
						<line number="3968" hits="1"/>
						<line number="3971" hits="1"/>
						<line number="3973" hits="1"/>
						<line number="3974" hits="1"/>
						<line number="3975" hits="1"/>
						<line number="3977" hits="1"/>
						<line number="3990" hits="1"/>
						<line number="3991" hits="1"/>
						<line number="3992" hits="1" branch="true" condition-coverage="100% (2/2)"/>
						<line number="3993" hits="1"/>
						<line number="3995" hits="1"/>
						<line number="3996" hits="1"/>
						<line number="3997" hits="1" branch="true" condition-coverage="100% (2/2)"/>
						<line number="3998" hits="1"/>
						<line number="4000" hits="1"/>
						<line number="4001" hits="1"/>
						<line number="4002" hits="1" branch="true" condition-coverage="100% (2/2)"/>
						<line number="4003" hits="1"/>
						<line number="4005" hits="1"/>
						<line number="4006" hits="1"/>
						<line number="4007" hits="1" branch="true" condition-coverage="100% (2/2)"/>
						<line number="4008" hits="1"/>
						<line number="4010" hits="1"/>
						<line number="4011" hits="1"/>
						<line number="4012" hits="1" branch="true" condition-coverage="100% (2/2)"/>
						<line number="4013" hits="1"/>
						<line number="4015" hits="1"/>
						<line number="4016" hits="1" branch="true" condition-coverage="100% (2/2)"/>
						<line number="4017" hits="1"/>
						<line number="4019" hits="1"/>
						<line number="4020" hits="1" branch="true" condition-coverage="100% (2/2)"/>
						<line number="4021" hits="1"/>
[...]
						<line number="71" hits="1"/>
						<line number="73" hits="1"/>
						<line number="74" hits="1"/>
						<line number="75" hits="1" branch="true" condition-coverage="100% (2/2)"/>
						<line number="77" hits="1"/>
						<line number="79" hits="1"/>
						<line number="80" hits="1"/>
						<line number="81" hits="1"/>
						<line number="82" hits="1"/>
						<line number="84" hits="1"/>
						<line number="85" hits="1" branch="true" condition-coverage="100% (2/2)"/>
						<line number="86" hits="1"/>
						<line number="87" hits="1"/>
						<line number="88" hits="1" branch="true" condition-coverage="100% (2/2)"/>
						<line number="89" hits="1"/>
						<line number="90" hits="1"/>
						<line number="91" hits="1"/>
						<line number="93" hits="1"/>
						<line number="96" hits="1"/>
						<line number="98" hits="1"/>
						<line number="100" hits="1"/>
						<line number="101" hits="1"/>
						<line number="104" hits="1"/>
						<line number="105" hits="1"/>
						<line number="108" hits="1"/>
						<line number="134" hits="1" branch="true" condition-coverage="100% (2/2)"/>
						<line number="135" hits="1"/>
						<line number="137" hits="1"/>
						<line number="140" hits="1"/>
						<line number="141" hits="1" branch="true" condition-coverage="100% (2/2)"/>
						<line number="142" hits="1"/>
						<line number="143" hits="1"/>
						<line number="144" hits="1"/>
						<line number="145" hits="1"/>
						<line number="147" hits="1"/>
						<line number="149" hits="1"/>
						<line number="150" hits="1"/>
						<line number="153" hits="1"/>
						<line number="193" hits="1" branch="true" condition-coverage="100% (2/2)"/>
						<line number="194" hits="1"/>
						<line number="195" hits="1"/>
						<line number="197" hits="1" branch="true" condition-coverage="100% (2/2)"/>
						<line number="200" hits="1"/>
						<line number="201" hits="1"/>
						<line number="202" hits="1"/>
						<line number="204" hits="1" branch="true" condition-coverage="100% (2/2)"/>
						<line number="206" hits="1"/>
						<line number="208" hits="1" branch="true" condition-coverage="100% (2/2)"/>
						<line number="209" hits="1"/>
						<line number="210" hits="1"/>
						<line number="213" hits="1"/>
						<line number="221" hits="1"/>
						<line number="223" hits="1"/>
						<line number="224" hits="1"/>
					</lines>
				</class>
				<class name="tasks.py" filename="tasks.py" complexity="0" line-rate="0.7615" branch-rate="0.6515">
					<methods/>
					<lines>
						<line number="22" hits="1"/>
						<line number="23" hits="1"/>
						<line number="24" hits="1"/>
						<line number="25" hits="1"/>
						<line number="26" hits="1"/>
						<line number="27" hits="1"/>
						<line number="28" hits="1"/>
						<line number="29" hits="1"/>
						<line number="30" hits="1"/>
						<line number="31" hits="1"/>
						<line number="32" hits="1"/>
						<line number="33" hits="1"/>
						<line number="34" hits="1"/>
						<line number="35" hits="1"/>
						<line number="36" hits="1"/>
						<line number="38" hits="1"/>
						<line number="39" hits="1"/>
						<line number="40" hits="1"/>
						<line number="42" hits="1"/>
						<line number="43" hits="1"/>
						<line number="44" hits="1"/>
						<line number="46" hits="1"/>
						<line number="49" hits="1"/>
						<line number="50" hits="1"/>
						<line number="51" hits="1"/>
						<line number="52" hits="1"/>
						<line number="53" hits="1"/>
						<line number="55" hits="1"/>
						<line number="56" hits="1" branch="true" condition-coverage="100% (2/2)"/>
						<line number="68" hits="1"/>
						<line number="75" hits="1"/>
						<line number="84" hits="1"/>
						<line number="85" hits="1"/>
						<line number="86" hits="1" branch="true" condition-coverage="50% (1/2)" missing-branches="87"/>
						<line number="87" hits="0"/>
						<line number="90" hits="0"/>
						<line number="91" hits="0" branch="true" condition-coverage="0% (0/2)" missing-branches="92,98"/>
						<line number="92" hits="0"/>
						<line number="94" hits="0"/>
						<line number="98" hits="0"/>
						<line number="100" hits="1"/>
						<line number="101" hits="1"/>
						<line number="103" hits="1"/>
						<line number="112" hits="1"/>
						<line number="113" hits="1"/>
						<line number="114" hits="1" branch="true" condition-coverage="50% (1/2)" missing-branches="115"/>
						<line number="115" hits="0"/>
						<line number="118" hits="0"/>
						<line number="119" hits="0" branch="true" condition-coverage="0% (0/2)" missing-branches="120,126"/>
						<line number="120" hits="0"/>
						<line number="122" hits="0"/>
						<line number="126" hits="0"/>
						<line number="128" hits="1"/>
						<line number="129" hits="1"/>
						<line number="131" hits="1"/>
						<line number="146" hits="1"/>
						<line number="147" hits="1"/>
						<line number="148" hits="1" branch="true" condition-coverage="100% (2/2)"/>
						<line number="149" hits="1"/>
						<line number="151" hits="1"/>
						<line number="152" hits="1"/>
						<line number="153" hits="1"/>
						<line number="154" hits="1"/>
						<line number="155" hits="1"/>
						<line number="156" hits="1"/>
						<line number="157" hits="1"/>
						<line number="158" hits="1"/>
						<line number="160" hits="1"/>
						<line number="161" hits="1" branch="true" condition-coverage="100% (2/2)"/>
						<line number="162" hits="1"/>
						<line number="164" hits="1" branch="true" condition-coverage="100% (2/2)"/>
						<line number="165" hits="1"/>
						<line number="167" hits="1"/>
						<line number="169" hits="1"/>
						<line number="173" hits="1"/>
						<line number="177" hits="1"/>
						<line number="183" hits="1"/>
						<line number="185" hits="1"/>
						<line number="186" hits="1" branch="true" condition-coverage="50% (1/2)" missing-branches="187"/>
						<line number="187" hits="0"/>
						<line number="189" hits="0" branch="true" condition-coverage="0% (0/2)" missing-branches="190,194"/>
						<line number="190" hits="0"/>
						<line number="192" hits="0"/>
						<line number="194" hits="0"/>
						<line number="195" hits="0" branch="true" condition-coverage="0% (0/2)" missing-branches="186,196"/>
						<line number="196" hits="0"/>
						<line number="198" hits="0"/>
						<line number="202" hits="0" branch="true" condition-coverage="0% (0/2)" missing-branches="203,215"/>
						<line number="203" hits="0"/>
						<line number="205" hits="0" branch="true" condition-coverage="0% (0/2)" missing-branches="206,211"/>
						<line number="206" hits="0"/>
						<line number="208" hits="0"/>
						<line number="211" hits="0"/>
						<line number="213" hits="0"/>
						<line number="214" hits="0"/>
						<line number="215" hits="0"/>
						<line number="217" hits="0" branch="true" condition-coverage="0% (0/2)" missing-branches="186,218"/>
						<line number="218" hits="0"/>
						<line number="220" hits="0"/>
						<line number="222" hits="1"/>
						<line number="223" hits="1" branch="true" condition-coverage="100% (2/2)"/>
						<line number="224" hits="1"/>
						<line number="226" hits="1"/>
						<line number="229" hits="1"/>
						<line number="231" hits="1"/>
						<line number="232" hits="1" branch="true" condition-coverage="100% (2/2)"/>
						<line number="233" hits="1"/>
						<line number="235" hits="1" branch="true" condition-coverage="50% (1/2)" missing-branches="236"/>
						<line number="236" hits="0" branch="true" condition-coverage="0% (0/2)" missing-branches="237,238"/>
						<line number="237" hits="0"/>
						<line number="238" hits="0"/>
						<line number="240" hits="0" branch="true" condition-coverage="0% (0/2)" missing-branches="235,241"/>
						<line number="241" hits="0"/>
						<line number="245" hits="0" branch="true" condition-coverage="0% (0/2)" missing-branches="246,252"/>
						<line number="246" hits="0" branch="true" condition-coverage="0% (0/2)" missing-branches="247,250"/>
						<line number="247" hits="0"/>
						<line number="250" hits="0"/>
						<line number="251" hits="0"/>
						<line number="252" hits="0"/>
						<line number="254" hits="1" branch="true" condition-coverage="100% (2/2)"/>
						<line number="255" hits="1" branch="true" condition-coverage="100% (2/2)"/>
						<line number="256" hits="1"/>
						<line number="257" hits="1"/>
						<line number="262" hits="1"/>
						<line number="266" hits="1"/>
						<line number="268" hits="1" branch="true" condition-coverage="50% (1/2)" missing-branches="272"/>
						<line number="269" hits="1"/>
						<line number="272" hits="1" branch="true" condition-coverage="50% (1/2)" missing-branches="276"/>
						<line number="273" hits="1"/>
						<line number="276" hits="1" branch="true" condition-coverage="50% (1/2)" missing-branches="280"/>
						<line number="277" hits="1"/>
						<line number="280" hits="1" branch="true" condition-coverage="50% (1/2)" missing-branches="281"/>
						<line number="281" hits="0"/>
						<line number="284" hits="1" branch="true" condition-coverage="50% (1/2)" missing-branches="288"/>
						<line number="285" hits="1"/>
						<line number="288" hits="1" branch="true" condition-coverage="50% (1/2)" missing-branches="293"/>
						<line number="289" hits="1"/>
						<line number="293" hits="1"/>
						<line number="294" hits="1"/>
						<line number="296" hits="1"/>
						<line number="308" hits="1"/>
						<line number="309" hits="1"/>
						<line number="310" hits="1"/>
						<line number="311" hits="1"/>
						<line number="312" hits="1"/>
						<line number="313" hits="1"/>
						<line number="315" hits="1"/>
						<line number="316" hits="1" branch="true" condition-coverage="100% (2/2)"/>
						<line number="317" hits="1"/>
						<line number="320" hits="1" branch="true" condition-coverage="100% (2/2)"/>
						<line number="323" hits="1"/>
						<line number="326" hits="1"/>
						<line number="327" hits="1"/>
						<line number="328" hits="1" branch="true" condition-coverage="100% (2/2)"/>
						<line number="329" hits="1" branch="true" condition-coverage="100% (2/2)"/>
						<line number="331" hits="1" branch="true" condition-coverage="100% (2/2)"/>
						<line number="332" hits="1"/>
						<line number="333" hits="1" branch="true" condition-coverage="100% (2/2)"/>
						<line number="334" hits="1"/>
						<line number="335" hits="1" branch="true" condition-coverage="100% (2/2)"/>
						<line number="336" hits="1"/>
						<line number="338" hits="1"/>
						<line number="339" hits="1"/>
						<line number="340" hits="1"/>
						<line number="341" hits="1" branch="true" condition-coverage="100% (2/2)"/>
						<line number="342" hits="1" branch="true" condition-coverage="100% (2/2)"/>
						<line number="343" hits="1"/>
						<line number="344" hits="1" branch="true" condition-coverage="100% (2/2)"/>
						<line number="345" hits="1"/>
						<line number="346" hits="1"/>
						<line number="347" hits="1"/>
						<line number="348" hits="1"/>
						<line number="350" hits="1"/>
						<line number="351" hits="1" branch="true" condition-coverage="100% (2/2)"/>
						<line number="352" hits="1"/>
						<line number="354" hits="1"/>
						<line number="356" hits="1"/>
						<line number="358" hits="1" branch="true" condition-coverage="50% (1/2)" missing-branches="328"/>
						<line number="359" hits="1"/>
						<line number="360" hits="1"/>
						<line number="361" hits="1"/>
						<line number="362" hits="1"/>
						<line number="364" hits="1"/>
						<line number="365" hits="1"/>
						<line number="366" hits="1"/>
						<line number="367" hits="1"/>
						<line number="368" hits="1"/>
						<line number="369" hits="1"/>
						<line number="372" hits="1"/>
						<line number="374" hits="1"/>
						<line number="375" hits="1" branch="true" condition-coverage="50% (1/2)" missing-branches="385"/>
						<line number="376" hits="1"/>
						<line number="378" hits="1"/>
						<line number="382" hits="1"/>
						<line number="383" hits="1"/>
						<line number="384" hits="1"/>
						<line number="385" hits="0" branch="true" condition-coverage="0% (0/2)" missing-branches="386,396"/>
						<line number="386" hits="0"/>
						<line number="387" hits="0"/>
						<line number="393" hits="0"/>
						<line number="394" hits="0"/>
						<line number="395" hits="0"/>
						<line number="396" hits="0"/>
						<line number="397" hits="0"/>
						<line number="398" hits="0"/>
						<line number="402" hits="0"/>
						<line number="403" hits="0"/>
						<line number="404" hits="0"/>
						<line number="406" hits="1"/>
						<line number="418" hits="1"/>
						<line number="419" hits="1"/>
						<line number="442" hits="1"/>
						<line number="446" hits="1"/>
						<line number="447" hits="1"/>
						<line number="448" hits="1"/>
						<line number="449" hits="1" branch="true" condition-coverage="100% (2/2)"/>
						<line number="450" hits="1"/>
						<line number="453" hits="1"/>
						<line number="454" hits="1"/>
						<line number="455" hits="1" branch="true" condition-coverage="100% (2/2)"/>
						<line number="456" hits="1"/>
						<line number="458" hits="1"/>
						<line number="460" hits="1"/>
						<line number="461" hits="1"/>
						<line number="463" hits="1" branch="true" condition-coverage="100% (2/2)"/>
						<line number="464" hits="1"/>
						<line number="466" hits="1"/>
						<line number="467" hits="1"/>
						<line number="473" hits="1"/>
						<line number="474" hits="1"/>
						<line number="476" hits="1" branch="true" condition-coverage="100% (2/2)"/>
						<line number="477" hits="1"/>
						<line number="479" hits="1"/>
						<line number="480" hits="1"/>
						<line number="481" hits="1" branch="true" condition-coverage="100% (2/2)"/>
						<line number="482" hits="1"/>
						<line number="485" hits="1"/>
						<line number="486" hits="1"/>
						<line number="487" hits="1"/>
						<line number="489" hits="1"/>
						<line number="490" hits="0" branch="true" condition-coverage="0% (0/2)" missing-branches="491,496"/>
						<line number="491" hits="0"/>
						<line number="493" hits="0"/>
						<line number="494" hits="0"/>
						<line number="496" hits="0"/>
						<line number="498" hits="0"/>
						<line number="499" hits="0"/>
						<line number="501" hits="1"/>
						<line number="578" hits="1"/>
						<line number="579" hits="1"/>
						<line number="581" hits="1"/>
						<line number="582" hits="1"/>
						<line number="583" hits="1"/>
						<line number="584" hits="1"/>
						<line number="585" hits="1"/>
						<line number="586" hits="1"/>
						<line number="587" hits="1"/>
						<line number="589" hits="1"/>
						<line number="590" hits="0"/>
						<line number="591" hits="0"/>
						<line number="592" hits="0" branch="true" condition-coverage="0% (0/2)" missing-branches="586,593"/>
						<line number="593" hits="0"/>
						<line number="595" hits="0"/>
						<line number="596" hits="0"/>
						<line number="597" hits="0" branch="true" condition-coverage="0% (0/2)" missing-branches="exit,598"/>
						<line number="598" hits="0"/>
						<line number="600" hits="0"/>
						<line number="601" hits="0"/>
						<line number="602" hits="0"/>
						<line number="603" hits="0"/>
						<line number="607" hits="1" branch="true" condition-coverage="50% (1/2)" missing-branches="608"/>
						<line number="608" hits="0"/>
						<line number="609" hits="0"/>
						<line number="611" hits="0"/>
						<line number="612" hits="0"/>
						<line number="616" hits="0"/>
						<line number="617" hits="0"/>
						<line number="618" hits="0"/>
						<line number="619" hits="1"/>
						<line number="620" hits="1"/>
						<line number="621" hits="1"/>
						<line number="623" hits="1"/>
						<line number="624" hits="1"/>
						<line number="628" hits="1"/>
						<line number="629" hits="1"/>
						<line number="630" hits="1"/>
						<line number="633" hits="1"/>
						<line number="644" hits="1"/>
						<line number="645" hits="1"/>
						<line number="647" hits="1"/>
						<line number="661" hits="1"/>
						<line number="663" hits="1" branch="true" condition-coverage="100% (2/2)"/>
						<line number="664" hits="1"/>
						<line number="665" hits="1" branch="true" condition-coverage="100% (2/2)"/>
						<line number="666" hits="1"/>
						<line number="667" hits="1"/>
						<line number="668" hits="1"/>
						<line number="669" hits="1"/>
						<line number="670" hits="1"/>
						<line number="673" hits="1"/>
						<line number="681" hits="1"/>
						<line number="682" hits="1"/>
						<line number="683" hits="1" branch="true" condition-coverage="100% (2/2)"/>
						<line number="684" hits="1"/>
						<line number="686" hits="1"/>
						<line number="687" hits="1"/>
						<line number="688" hits="1"/>
						<line number="692" hits="1" branch="true" condition-coverage="100% (2/2)"/>
						<line number="693" hits="1"/>
						<line number="695" hits="1"/>
						<line number="700" hits="1"/>
						<line number="705" hits="1"/>
						<line number="706" hits="1" branch="true" condition-coverage="50% (1/2)" missing-branches="709"/>
						<line number="707" hits="1"/>
						<line number="708" hits="1"/>
						<line number="709" hits="0" branch="true" condition-coverage="0% (0/2)" missing-branches="710,712"/>
						<line number="710" hits="0"/>
						<line number="711" hits="0"/>
						<line number="712" hits="0"/>
						<line number="713" hits="0"/>
						<line number="714" hits="0"/>
						<line number="717" hits="1"/>
						<line number="728" hits="1"/>
						<line number="729" hits="1"/>
						<line number="730" hits="1" branch="true" condition-coverage="100% (2/2)"/>
						<line number="731" hits="1"/>
						<line number="733" hits="1"/>
						<line number="735" hits="1"/>
						<line number="737" hits="1"/>
						<line number="738" hits="1"/>
						<line number="739" hits="1"/>
						<line number="740" hits="1"/>
						<line number="741" hits="1"/>
						<line number="743" hits="1"/>
						<line number="744" hits="1"/>
						<line number="745" hits="1" branch="true" condition-coverage="100% (2/2)"/>
						<line number="746" hits="1"/>
						<line number="748" hits="1"/>
						<line number="749" hits="1"/>
						<line number="750" hits="1"/>
						<line number="751" hits="1"/>
						<line number="753" hits="1"/>
						<line number="754" hits="1" branch="true" condition-coverage="100% (2/2)"/>
						<line number="755" hits="1"/>
						<line number="757" hits="1"/>
						<line number="758" hits="1"/>
						<line number="759" hits="1" branch="true" condition-coverage="100% (2/2)"/>
						<line number="760" hits="1"/>
						<line number="762" hits="1"/>
						<line number="763" hits="1" branch="true" condition-coverage="100% (2/2)"/>
						<line number="764" hits="1"/>
						<line number="766" hits="1"/>
						<line number="767" hits="1"/>
						<line number="768" hits="1"/>
						<line number="769" hits="1"/>
						<line number="771" hits="1"/>
						<line number="772" hits="1" branch="true" condition-coverage="100% (2/2)"/>
						<line number="773" hits="1"/>
						<line number="775" hits="1"/>
						<line number="776" hits="1"/>
						<line number="777" hits="1" branch="true" condition-coverage="100% (2/2)"/>
						<line number="778" hits="1"/>
						<line number="780" hits="1"/>
						<line number="781" hits="1" branch="true" condition-coverage="100% (2/2)"/>
						<line number="782" hits="1"/>
						<line number="784" hits="1"/>
						<line number="785" hits="1"/>
						<line number="786" hits="1"/>
						<line number="787" hits="1"/>
					</lines>
				</class>
				<class name="version.py" filename="version.py" complexity="0" line-rate="1" branch-rate="1">
					<methods/>
					<lines>
						<line number="27" hits="1"/>
					</lines>
				</class>
				<class name="views.py" filename="views.py" complexity="0" line-rate="1" branch-rate="1">
					<methods/>
					<lines>
						<line number="23" hits="1"/>
						<line number="25" hits="1"/>
					</lines>
				</class>
			</classes>
		</package>
	</packages>
</coverage>
